{"/Users/mukuru/Desktop/works/hekaniMobileApp/App.js": {"path":"/Users/mukuru/Desktop/works/hekaniMobileApp/App.js","statementMap":{"0":{"start":{"line":17,"column":14},"end":{"line":17,"column":42}},"1":{"start":{"line":18,"column":12},"end":{"line":18,"column":38}},"2":{"start":{"line":20,"column":15},"end":{"line":20,"column":38}},"3":{"start":{"line":23,"column":32},"end":{"line":26,"column":4}},"4":{"start":{"line":27,"column":36},"end":{"line":27,"column":50}},"5":{"start":{"line":29,"column":2},"end":{"line":52,"column":4}},"6":{"start":{"line":30,"column":4},"end":{"line":51,"column":9}},"7":{"start":{"line":35,"column":8},"end":{"line":35,"column":35}},"8":{"start":{"line":36,"column":8},"end":{"line":46,"column":9}},"9":{"start":{"line":37,"column":10},"end":{"line":40,"column":13}},"10":{"start":{"line":41,"column":15},"end":{"line":46,"column":9}},"11":{"start":{"line":42,"column":10},"end":{"line":45,"column":13}},"12":{"start":{"line":47,"column":8},"end":{"line":47,"column":28}},"13":{"start":{"line":50,"column":8},"end":{"line":50,"column":31}},"14":{"start":{"line":54,"column":2},"end":{"line":59,"column":4}},"15":{"start":{"line":55,"column":4},"end":{"line":58,"column":7}},"16":{"start":{"line":61,"column":2},"end":{"line":63,"column":9}},"17":{"start":{"line":62,"column":4},"end":{"line":62,"column":17}},"18":{"start":{"line":65,"column":2},"end":{"line":70,"column":4}},"19":{"start":{"line":66,"column":4},"end":{"line":69,"column":7}},"20":{"start":{"line":72,"column":2},"end":{"line":78,"column":3}},"21":{"start":{"line":73,"column":4},"end":{"line":77,"column":6}},"22":{"start":{"line":80,"column":2},"end":{"line":129,"column":4}},"23":{"start":{"line":85,"column":43},"end":{"line":102,"column":13}},"24":{"start":{"line":89,"column":16},"end":{"line":99,"column":17}},"25":{"start":{"line":90,"column":18},"end":{"line":90,"column":55}},"26":{"start":{"line":91,"column":23},"end":{"line":99,"column":17}},"27":{"start":{"line":92,"column":18},"end":{"line":92,"column":61}},"28":{"start":{"line":93,"column":23},"end":{"line":99,"column":17}},"29":{"start":{"line":94,"column":18},"end":{"line":94,"column":65}},"30":{"start":{"line":95,"column":23},"end":{"line":99,"column":17}},"31":{"start":{"line":96,"column":18},"end":{"line":96,"column":63}},"32":{"start":{"line":97,"column":23},"end":{"line":99,"column":17}},"33":{"start":{"line":98,"column":18},"end":{"line":98,"column":61}},"34":{"start":{"line":100,"column":16},"end":{"line":100,"column":79}},"35":{"start":{"line":109,"column":21},"end":{"line":109,"column":61}},"36":{"start":{"line":118,"column":16},"end":{"line":122,"column":18}}},"fnMap":{"0":{"name":"App","decl":{"start":{"line":22,"column":24},"end":{"line":22,"column":27}},"loc":{"start":{"line":22,"column":30},"end":{"line":130,"column":1}},"line":22},"1":{"name":"(anonymous_1)","decl":{"start":{"line":29,"column":15},"end":{"line":29,"column":16}},"loc":{"start":{"line":29,"column":21},"end":{"line":52,"column":3}},"line":29},"2":{"name":"(anonymous_2)","decl":{"start":{"line":34,"column":12},"end":{"line":34,"column":13}},"loc":{"start":{"line":34,"column":21},"end":{"line":48,"column":7}},"line":34},"3":{"name":"(anonymous_3)","decl":{"start":{"line":49,"column":13},"end":{"line":49,"column":14}},"loc":{"start":{"line":49,"column":22},"end":{"line":51,"column":7}},"line":49},"4":{"name":"(anonymous_4)","decl":{"start":{"line":54,"column":16},"end":{"line":54,"column":17}},"loc":{"start":{"line":54,"column":26},"end":{"line":59,"column":3}},"line":54},"5":{"name":"(anonymous_5)","decl":{"start":{"line":61,"column":12},"end":{"line":61,"column":13}},"loc":{"start":{"line":61,"column":18},"end":{"line":63,"column":3}},"line":61},"6":{"name":"(anonymous_6)","decl":{"start":{"line":65,"column":17},"end":{"line":65,"column":18}},"loc":{"start":{"line":65,"column":23},"end":{"line":70,"column":3}},"line":65},"7":{"name":"(anonymous_7)","decl":{"start":{"line":85,"column":27},"end":{"line":85,"column":28}},"loc":{"start":{"line":85,"column":43},"end":{"line":102,"column":13}},"line":85},"8":{"name":"(anonymous_8)","decl":{"start":{"line":87,"column":26},"end":{"line":87,"column":27}},"loc":{"start":{"line":87,"column":56},"end":{"line":101,"column":15}},"line":87},"9":{"name":"(anonymous_9)","decl":{"start":{"line":109,"column":15},"end":{"line":109,"column":16}},"loc":{"start":{"line":109,"column":21},"end":{"line":109,"column":61}},"line":109},"10":{"name":"(anonymous_10)","decl":{"start":{"line":117,"column":15},"end":{"line":117,"column":16}},"loc":{"start":{"line":118,"column":16},"end":{"line":122,"column":18}},"line":118}},"branchMap":{"0":{"loc":{"start":{"line":36,"column":8},"end":{"line":46,"column":9}},"type":"if","locations":[{"start":{"line":36,"column":8},"end":{"line":46,"column":9}},{"start":{"line":41,"column":15},"end":{"line":46,"column":9}}],"line":36},"1":{"loc":{"start":{"line":36,"column":12},"end":{"line":36,"column":61}},"type":"binary-expr","locations":[{"start":{"line":36,"column":12},"end":{"line":36,"column":30}},{"start":{"line":36,"column":34},"end":{"line":36,"column":61}}],"line":36},"2":{"loc":{"start":{"line":41,"column":15},"end":{"line":46,"column":9}},"type":"if","locations":[{"start":{"line":41,"column":15},"end":{"line":46,"column":9}},{"start":{},"end":{}}],"line":41},"3":{"loc":{"start":{"line":41,"column":19},"end":{"line":41,"column":70}},"type":"binary-expr","locations":[{"start":{"line":41,"column":19},"end":{"line":41,"column":38}},{"start":{"line":41,"column":42},"end":{"line":41,"column":70}}],"line":41},"4":{"loc":{"start":{"line":72,"column":2},"end":{"line":78,"column":3}},"type":"if","locations":[{"start":{"line":72,"column":2},"end":{"line":78,"column":3}},{"start":{},"end":{}}],"line":72},"5":{"loc":{"start":{"line":83,"column":9},"end":{"line":126,"column":9}},"type":"cond-expr","locations":[{"start":{"line":84,"column":10},"end":{"line":111,"column":26}},{"start":{"line":113,"column":10},"end":{"line":125,"column":28}}],"line":83},"6":{"loc":{"start":{"line":89,"column":16},"end":{"line":99,"column":17}},"type":"if","locations":[{"start":{"line":89,"column":16},"end":{"line":99,"column":17}},{"start":{"line":91,"column":23},"end":{"line":99,"column":17}}],"line":89},"7":{"loc":{"start":{"line":90,"column":29},"end":{"line":90,"column":54}},"type":"cond-expr","locations":[{"start":{"line":90,"column":39},"end":{"line":90,"column":45}},{"start":{"line":90,"column":48},"end":{"line":90,"column":54}}],"line":90},"8":{"loc":{"start":{"line":91,"column":23},"end":{"line":99,"column":17}},"type":"if","locations":[{"start":{"line":91,"column":23},"end":{"line":99,"column":17}},{"start":{"line":93,"column":23},"end":{"line":99,"column":17}}],"line":91},"9":{"loc":{"start":{"line":92,"column":29},"end":{"line":92,"column":60}},"type":"cond-expr","locations":[{"start":{"line":92,"column":39},"end":{"line":92,"column":48}},{"start":{"line":92,"column":51},"end":{"line":92,"column":60}}],"line":92},"10":{"loc":{"start":{"line":93,"column":23},"end":{"line":99,"column":17}},"type":"if","locations":[{"start":{"line":93,"column":23},"end":{"line":99,"column":17}},{"start":{"line":95,"column":23},"end":{"line":99,"column":17}}],"line":93},"11":{"loc":{"start":{"line":94,"column":29},"end":{"line":94,"column":64}},"type":"cond-expr","locations":[{"start":{"line":94,"column":39},"end":{"line":94,"column":50}},{"start":{"line":94,"column":53},"end":{"line":94,"column":64}}],"line":94},"12":{"loc":{"start":{"line":95,"column":23},"end":{"line":99,"column":17}},"type":"if","locations":[{"start":{"line":95,"column":23},"end":{"line":99,"column":17}},{"start":{"line":97,"column":23},"end":{"line":99,"column":17}}],"line":95},"13":{"loc":{"start":{"line":96,"column":29},"end":{"line":96,"column":62}},"type":"cond-expr","locations":[{"start":{"line":96,"column":39},"end":{"line":96,"column":49}},{"start":{"line":96,"column":52},"end":{"line":96,"column":62}}],"line":96},"14":{"loc":{"start":{"line":97,"column":23},"end":{"line":99,"column":17}},"type":"if","locations":[{"start":{"line":97,"column":23},"end":{"line":99,"column":17}},{"start":{},"end":{}}],"line":97},"15":{"loc":{"start":{"line":98,"column":29},"end":{"line":98,"column":60}},"type":"cond-expr","locations":[{"start":{"line":98,"column":39},"end":{"line":98,"column":48}},{"start":{"line":98,"column":51},"end":{"line":98,"column":60}}],"line":98}},"s":{"0":1,"1":1,"2":1,"3":1,"4":1,"5":1,"6":0,"7":0,"8":0,"9":0,"10":0,"11":0,"12":0,"13":0,"14":1,"15":0,"16":1,"17":0,"18":1,"19":0,"20":1,"21":1,"22":0,"23":0,"24":0,"25":0,"26":0,"27":0,"28":0,"29":0,"30":0,"31":0,"32":0,"33":0,"34":0,"35":0,"36":0},"f":{"0":1,"1":0,"2":0,"3":0,"4":0,"5":0,"6":0,"7":0,"8":0,"9":0,"10":0},"b":{"0":[0,0],"1":[0,0],"2":[0,0],"3":[0,0],"4":[1,0],"5":[0,0],"6":[0,0],"7":[0,0],"8":[0,0],"9":[0,0],"10":[0,0],"11":[0,0],"12":[0,0],"13":[0,0],"14":[0,0],"15":[0,0]},"_coverageSchema":"1a1c01bbd47fc00a2c39e90264f33305004495a9","hash":"931c8d18d827ddaef366948bb97c40340142e999"}
,"/Users/mukuru/Desktop/works/hekaniMobileApp/react-native.config.js": {"path":"/Users/mukuru/Desktop/works/hekaniMobileApp/react-native.config.js","statementMap":{"0":{"start":{"line":1,"column":0},"end":{"line":3,"column":3}}},"fnMap":{},"branchMap":{},"s":{"0":0},"f":{},"b":{}}
,"/Users/mukuru/Desktop/works/hekaniMobileApp/src/api/AnswerApi.js": {"path":"/Users/mukuru/Desktop/works/hekaniMobileApp/src/api/AnswerApi.js","statementMap":{"0":{"start":{"line":3,"column":19},"end":{"line":13,"column":1}},"1":{"start":{"line":4,"column":4},"end":{"line":12,"column":5}},"2":{"start":{"line":5,"column":25},"end":{"line":5,"column":53}},"3":{"start":{"line":7,"column":8},"end":{"line":9,"column":9}},"4":{"start":{"line":8,"column":12},"end":{"line":8,"column":32}},"5":{"start":{"line":11,"column":8},"end":{"line":11,"column":18}},"6":{"start":{"line":15,"column":22},"end":{"line":26,"column":1}},"7":{"start":{"line":16,"column":4},"end":{"line":25,"column":5}},"8":{"start":{"line":17,"column":25},"end":{"line":17,"column":59}},"9":{"start":{"line":19,"column":8},"end":{"line":21,"column":9}},"10":{"start":{"line":20,"column":12},"end":{"line":20,"column":32}},"11":{"start":{"line":23,"column":8},"end":{"line":23,"column":18}},"12":{"start":{"line":24,"column":8},"end":{"line":24,"column":27}}},"fnMap":{"0":{"name":"(anonymous_0)","decl":{"start":{"line":3,"column":19},"end":{"line":3,"column":20}},"loc":{"start":{"line":3,"column":31},"end":{"line":13,"column":1}},"line":3},"1":{"name":"(anonymous_1)","decl":{"start":{"line":15,"column":22},"end":{"line":15,"column":23}},"loc":{"start":{"line":15,"column":36},"end":{"line":26,"column":1}},"line":15}},"branchMap":{"0":{"loc":{"start":{"line":7,"column":8},"end":{"line":9,"column":9}},"type":"if","locations":[{"start":{"line":7,"column":8},"end":{"line":9,"column":9}},{"start":{},"end":{}}],"line":7},"1":{"loc":{"start":{"line":19,"column":8},"end":{"line":21,"column":9}},"type":"if","locations":[{"start":{"line":19,"column":8},"end":{"line":21,"column":9}},{"start":{},"end":{}}],"line":19}},"s":{"0":1,"1":0,"2":0,"3":0,"4":0,"5":0,"6":1,"7":0,"8":0,"9":0,"10":0,"11":0,"12":0},"f":{"0":0,"1":0},"b":{"0":[0,0],"1":[0,0]},"_coverageSchema":"1a1c01bbd47fc00a2c39e90264f33305004495a9","hash":"193b3c79b72aa8ae7775622e5d3360b7433ce7c8"}
,"/Users/mukuru/Desktop/works/hekaniMobileApp/src/api/QuestionApi.js": {"path":"/Users/mukuru/Desktop/works/hekaniMobileApp/src/api/QuestionApi.js","statementMap":{"0":{"start":{"line":3,"column":21},"end":{"line":14,"column":1}},"1":{"start":{"line":4,"column":4},"end":{"line":13,"column":5}},"2":{"start":{"line":5,"column":25},"end":{"line":5,"column":55}},"3":{"start":{"line":7,"column":8},"end":{"line":9,"column":9}},"4":{"start":{"line":8,"column":12},"end":{"line":8,"column":32}},"5":{"start":{"line":11,"column":8},"end":{"line":11,"column":18}},"6":{"start":{"line":12,"column":8},"end":{"line":12,"column":27}},"7":{"start":{"line":16,"column":24},"end":{"line":27,"column":1}},"8":{"start":{"line":17,"column":4},"end":{"line":26,"column":5}},"9":{"start":{"line":18,"column":25},"end":{"line":18,"column":61}},"10":{"start":{"line":20,"column":8},"end":{"line":22,"column":9}},"11":{"start":{"line":21,"column":12},"end":{"line":21,"column":32}},"12":{"start":{"line":24,"column":8},"end":{"line":24,"column":18}},"13":{"start":{"line":25,"column":8},"end":{"line":25,"column":27}}},"fnMap":{"0":{"name":"(anonymous_0)","decl":{"start":{"line":3,"column":21},"end":{"line":3,"column":22}},"loc":{"start":{"line":3,"column":33},"end":{"line":14,"column":1}},"line":3},"1":{"name":"(anonymous_1)","decl":{"start":{"line":16,"column":24},"end":{"line":16,"column":25}},"loc":{"start":{"line":16,"column":38},"end":{"line":27,"column":1}},"line":16}},"branchMap":{"0":{"loc":{"start":{"line":7,"column":8},"end":{"line":9,"column":9}},"type":"if","locations":[{"start":{"line":7,"column":8},"end":{"line":9,"column":9}},{"start":{},"end":{}}],"line":7},"1":{"loc":{"start":{"line":20,"column":8},"end":{"line":22,"column":9}},"type":"if","locations":[{"start":{"line":20,"column":8},"end":{"line":22,"column":9}},{"start":{},"end":{}}],"line":20}},"s":{"0":1,"1":0,"2":0,"3":0,"4":0,"5":0,"6":0,"7":1,"8":0,"9":0,"10":0,"11":0,"12":0,"13":0},"f":{"0":0,"1":0},"b":{"0":[0,0],"1":[0,0]},"_coverageSchema":"1a1c01bbd47fc00a2c39e90264f33305004495a9","hash":"c4d66a58a3b4d4f09cd0ff5b6c3091dbcb7e538f"}
,"/Users/mukuru/Desktop/works/hekaniMobileApp/src/api/UserApi.js": {"path":"/Users/mukuru/Desktop/works/hekaniMobileApp/src/api/UserApi.js","statementMap":{"0":{"start":{"line":3,"column":17},"end":{"line":14,"column":1}},"1":{"start":{"line":4,"column":4},"end":{"line":13,"column":5}},"2":{"start":{"line":5,"column":25},"end":{"line":5,"column":51}},"3":{"start":{"line":7,"column":8},"end":{"line":9,"column":9}},"4":{"start":{"line":8,"column":12},"end":{"line":8,"column":32}},"5":{"start":{"line":11,"column":8},"end":{"line":11,"column":18}},"6":{"start":{"line":12,"column":8},"end":{"line":12,"column":27}},"7":{"start":{"line":16,"column":20},"end":{"line":27,"column":1}},"8":{"start":{"line":17,"column":4},"end":{"line":26,"column":5}},"9":{"start":{"line":18,"column":25},"end":{"line":18,"column":57}},"10":{"start":{"line":20,"column":8},"end":{"line":22,"column":9}},"11":{"start":{"line":21,"column":12},"end":{"line":21,"column":32}},"12":{"start":{"line":24,"column":8},"end":{"line":24,"column":18}},"13":{"start":{"line":25,"column":8},"end":{"line":25,"column":27}}},"fnMap":{"0":{"name":"(anonymous_0)","decl":{"start":{"line":3,"column":17},"end":{"line":3,"column":18}},"loc":{"start":{"line":3,"column":29},"end":{"line":14,"column":1}},"line":3},"1":{"name":"(anonymous_1)","decl":{"start":{"line":16,"column":20},"end":{"line":16,"column":21}},"loc":{"start":{"line":16,"column":34},"end":{"line":27,"column":1}},"line":16}},"branchMap":{"0":{"loc":{"start":{"line":7,"column":8},"end":{"line":9,"column":9}},"type":"if","locations":[{"start":{"line":7,"column":8},"end":{"line":9,"column":9}},{"start":{},"end":{}}],"line":7},"1":{"loc":{"start":{"line":20,"column":8},"end":{"line":22,"column":9}},"type":"if","locations":[{"start":{"line":20,"column":8},"end":{"line":22,"column":9}},{"start":{},"end":{}}],"line":20}},"s":{"0":1,"1":0,"2":0,"3":0,"4":0,"5":0,"6":0,"7":1,"8":0,"9":0,"10":0,"11":0,"12":0,"13":0},"f":{"0":0,"1":0},"b":{"0":[0,0],"1":[0,0]},"_coverageSchema":"1a1c01bbd47fc00a2c39e90264f33305004495a9","hash":"d899518d2ae6cf5e68f16024f95a0a866eddb2da"}
,"/Users/mukuru/Desktop/works/hekaniMobileApp/src/api/articlesApi.js": {"path":"/Users/mukuru/Desktop/works/hekaniMobileApp/src/api/articlesApi.js","statementMap":{"0":{"start":{"line":3,"column":20},"end":{"line":14,"column":1}},"1":{"start":{"line":4,"column":4},"end":{"line":13,"column":5}},"2":{"start":{"line":5,"column":25},"end":{"line":5,"column":54}},"3":{"start":{"line":7,"column":8},"end":{"line":9,"column":9}},"4":{"start":{"line":8,"column":12},"end":{"line":8,"column":32}},"5":{"start":{"line":11,"column":8},"end":{"line":11,"column":18}},"6":{"start":{"line":12,"column":8},"end":{"line":12,"column":27}},"7":{"start":{"line":16,"column":23},"end":{"line":27,"column":1}},"8":{"start":{"line":17,"column":4},"end":{"line":26,"column":5}},"9":{"start":{"line":18,"column":25},"end":{"line":18,"column":60}},"10":{"start":{"line":20,"column":8},"end":{"line":22,"column":9}},"11":{"start":{"line":21,"column":12},"end":{"line":21,"column":32}},"12":{"start":{"line":24,"column":8},"end":{"line":24,"column":18}},"13":{"start":{"line":25,"column":8},"end":{"line":25,"column":27}}},"fnMap":{"0":{"name":"(anonymous_0)","decl":{"start":{"line":3,"column":20},"end":{"line":3,"column":21}},"loc":{"start":{"line":3,"column":32},"end":{"line":14,"column":1}},"line":3},"1":{"name":"(anonymous_1)","decl":{"start":{"line":16,"column":23},"end":{"line":16,"column":24}},"loc":{"start":{"line":16,"column":37},"end":{"line":27,"column":1}},"line":16}},"branchMap":{"0":{"loc":{"start":{"line":7,"column":8},"end":{"line":9,"column":9}},"type":"if","locations":[{"start":{"line":7,"column":8},"end":{"line":9,"column":9}},{"start":{},"end":{}}],"line":7},"1":{"loc":{"start":{"line":20,"column":8},"end":{"line":22,"column":9}},"type":"if","locations":[{"start":{"line":20,"column":8},"end":{"line":22,"column":9}},{"start":{},"end":{}}],"line":20}},"s":{"0":1,"1":0,"2":0,"3":0,"4":0,"5":0,"6":0,"7":1,"8":0,"9":0,"10":0,"11":0,"12":0,"13":0},"f":{"0":0,"1":0},"b":{"0":[0,0],"1":[0,0]},"_coverageSchema":"1a1c01bbd47fc00a2c39e90264f33305004495a9","hash":"cc7acccf3309159c559d4dd2d61f9f7b790e381b"}
,"/Users/mukuru/Desktop/works/hekaniMobileApp/src/api/categoriesApi.js": {"path":"/Users/mukuru/Desktop/works/hekaniMobileApp/src/api/categoriesApi.js","statementMap":{"0":{"start":{"line":3,"column":22},"end":{"line":14,"column":1}},"1":{"start":{"line":4,"column":4},"end":{"line":13,"column":5}},"2":{"start":{"line":5,"column":25},"end":{"line":5,"column":65}},"3":{"start":{"line":7,"column":8},"end":{"line":9,"column":9}},"4":{"start":{"line":8,"column":12},"end":{"line":8,"column":32}},"5":{"start":{"line":11,"column":8},"end":{"line":11,"column":18}},"6":{"start":{"line":12,"column":8},"end":{"line":12,"column":27}},"7":{"start":{"line":16,"column":24},"end":{"line":27,"column":1}},"8":{"start":{"line":17,"column":4},"end":{"line":26,"column":5}},"9":{"start":{"line":18,"column":25},"end":{"line":18,"column":71}},"10":{"start":{"line":20,"column":8},"end":{"line":22,"column":9}},"11":{"start":{"line":21,"column":12},"end":{"line":21,"column":32}},"12":{"start":{"line":24,"column":8},"end":{"line":24,"column":18}},"13":{"start":{"line":25,"column":8},"end":{"line":25,"column":27}}},"fnMap":{"0":{"name":"(anonymous_0)","decl":{"start":{"line":3,"column":22},"end":{"line":3,"column":23}},"loc":{"start":{"line":3,"column":34},"end":{"line":14,"column":1}},"line":3},"1":{"name":"(anonymous_1)","decl":{"start":{"line":16,"column":24},"end":{"line":16,"column":25}},"loc":{"start":{"line":16,"column":38},"end":{"line":27,"column":1}},"line":16}},"branchMap":{"0":{"loc":{"start":{"line":7,"column":8},"end":{"line":9,"column":9}},"type":"if","locations":[{"start":{"line":7,"column":8},"end":{"line":9,"column":9}},{"start":{},"end":{}}],"line":7},"1":{"loc":{"start":{"line":20,"column":8},"end":{"line":22,"column":9}},"type":"if","locations":[{"start":{"line":20,"column":8},"end":{"line":22,"column":9}},{"start":{},"end":{}}],"line":20}},"s":{"0":1,"1":0,"2":0,"3":0,"4":0,"5":0,"6":0,"7":1,"8":0,"9":0,"10":0,"11":0,"12":0,"13":0},"f":{"0":0,"1":0},"b":{"0":[0,0],"1":[0,0]},"_coverageSchema":"1a1c01bbd47fc00a2c39e90264f33305004495a9","hash":"d3e69ee1f888183c2544ae259cffe4db30b9b87f"}
,"/Users/mukuru/Desktop/works/hekaniMobileApp/src/api/server.js": {"path":"/Users/mukuru/Desktop/works/hekaniMobileApp/src/api/server.js","statementMap":{},"fnMap":{},"branchMap":{},"s":{},"f":{},"b":{},"_coverageSchema":"1a1c01bbd47fc00a2c39e90264f33305004495a9","hash":"608f08c03b074b4310b2d063d6807a7864adc510"}
,"/Users/mukuru/Desktop/works/hekaniMobileApp/src/components/Answer.js": {"path":"/Users/mukuru/Desktop/works/hekaniMobileApp/src/components/Answer.js","statementMap":{"0":{"start":{"line":23,"column":26},"end":{"line":23,"column":50}},"1":{"start":{"line":25,"column":15},"end":{"line":232,"column":1}},"2":{"start":{"line":26,"column":26},"end":{"line":26,"column":38}},"3":{"start":{"line":27,"column":21},"end":{"line":27,"column":38}},"4":{"start":{"line":28,"column":32},"end":{"line":28,"column":46}},"5":{"start":{"line":29,"column":32},"end":{"line":31,"column":4}},"6":{"start":{"line":33,"column":20},"end":{"line":33,"column":27}},"7":{"start":{"line":34,"column":21},"end":{"line":60,"column":3}},"8":{"start":{"line":35,"column":21},"end":{"line":59,"column":8}},"9":{"start":{"line":52,"column":8},"end":{"line":55,"column":9}},"10":{"start":{"line":53,"column":10},"end":{"line":53,"column":26}},"11":{"start":{"line":54,"column":10},"end":{"line":54,"column":36}},"12":{"start":{"line":58,"column":8},"end":{"line":58,"column":27}},"13":{"start":{"line":62,"column":29},"end":{"line":64,"column":3}},"14":{"start":{"line":63,"column":4},"end":{"line":63,"column":51}},"15":{"start":{"line":66,"column":21},"end":{"line":92,"column":3}},"16":{"start":{"line":67,"column":21},"end":{"line":91,"column":8}},"17":{"start":{"line":82,"column":8},"end":{"line":87,"column":9}},"18":{"start":{"line":83,"column":10},"end":{"line":83,"column":56}},"19":{"start":{"line":84,"column":10},"end":{"line":84,"column":26}},"20":{"start":{"line":86,"column":10},"end":{"line":86,"column":54}},"21":{"start":{"line":90,"column":8},"end":{"line":90,"column":27}},"22":{"start":{"line":94,"column":22},"end":{"line":102,"column":3}},"23":{"start":{"line":95,"column":4},"end":{"line":101,"column":5}},"24":{"start":{"line":96,"column":23},"end":{"line":96,"column":56}},"25":{"start":{"line":97,"column":6},"end":{"line":97,"column":24}},"26":{"start":{"line":98,"column":6},"end":{"line":98,"column":24}},"27":{"start":{"line":100,"column":6},"end":{"line":100,"column":27}},"28":{"start":{"line":104,"column":2},"end":{"line":106,"column":9}},"29":{"start":{"line":105,"column":4},"end":{"line":105,"column":20}},"30":{"start":{"line":108,"column":30},"end":{"line":108,"column":34}},"31":{"start":{"line":110,"column":2},"end":{"line":116,"column":3}},"32":{"start":{"line":111,"column":4},"end":{"line":115,"column":6}},"33":{"start":{"line":118,"column":2},"end":{"line":118,"column":20}},"34":{"start":{"line":120,"column":2},"end":{"line":231,"column":4}},"35":{"start":{"line":178,"column":14},"end":{"line":195,"column":21}},"36":{"start":{"line":207,"column":41},"end":{"line":207,"column":75}},"37":{"start":{"line":234,"column":15},"end":{"line":330,"column":2}}},"fnMap":{"0":{"name":"(anonymous_0)","decl":{"start":{"line":25,"column":15},"end":{"line":25,"column":16}},"loc":{"start":{"line":25,"column":30},"end":{"line":232,"column":1}},"line":25},"1":{"name":"(anonymous_1)","decl":{"start":{"line":34,"column":21},"end":{"line":34,"column":22}},"loc":{"start":{"line":34,"column":33},"end":{"line":60,"column":3}},"line":34},"2":{"name":"(anonymous_2)","decl":{"start":{"line":51,"column":12},"end":{"line":51,"column":13}},"loc":{"start":{"line":51,"column":26},"end":{"line":56,"column":7}},"line":51},"3":{"name":"(anonymous_3)","decl":{"start":{"line":57,"column":13},"end":{"line":57,"column":14}},"loc":{"start":{"line":57,"column":24},"end":{"line":59,"column":7}},"line":57},"4":{"name":"(anonymous_4)","decl":{"start":{"line":62,"column":29},"end":{"line":62,"column":30}},"loc":{"start":{"line":62,"column":51},"end":{"line":64,"column":3}},"line":62},"5":{"name":"(anonymous_5)","decl":{"start":{"line":66,"column":21},"end":{"line":66,"column":22}},"loc":{"start":{"line":66,"column":33},"end":{"line":92,"column":3}},"line":66},"6":{"name":"(anonymous_6)","decl":{"start":{"line":81,"column":12},"end":{"line":81,"column":13}},"loc":{"start":{"line":81,"column":26},"end":{"line":88,"column":7}},"line":81},"7":{"name":"(anonymous_7)","decl":{"start":{"line":89,"column":13},"end":{"line":89,"column":14}},"loc":{"start":{"line":89,"column":24},"end":{"line":91,"column":7}},"line":89},"8":{"name":"(anonymous_8)","decl":{"start":{"line":94,"column":22},"end":{"line":94,"column":23}},"loc":{"start":{"line":94,"column":36},"end":{"line":102,"column":3}},"line":94},"9":{"name":"(anonymous_9)","decl":{"start":{"line":104,"column":12},"end":{"line":104,"column":13}},"loc":{"start":{"line":104,"column":18},"end":{"line":106,"column":3}},"line":104},"10":{"name":"(anonymous_10)","decl":{"start":{"line":177,"column":26},"end":{"line":177,"column":27}},"loc":{"start":{"line":178,"column":14},"end":{"line":195,"column":21}},"line":178},"11":{"name":"(anonymous_11)","decl":{"start":{"line":207,"column":30},"end":{"line":207,"column":31}},"loc":{"start":{"line":207,"column":41},"end":{"line":207,"column":75}},"line":207}},"branchMap":{"0":{"loc":{"start":{"line":52,"column":8},"end":{"line":55,"column":9}},"type":"if","locations":[{"start":{"line":52,"column":8},"end":{"line":55,"column":9}},{"start":{},"end":{}}],"line":52},"1":{"loc":{"start":{"line":82,"column":8},"end":{"line":87,"column":9}},"type":"if","locations":[{"start":{"line":82,"column":8},"end":{"line":87,"column":9}},{"start":{"line":85,"column":15},"end":{"line":87,"column":9}}],"line":82},"2":{"loc":{"start":{"line":110,"column":2},"end":{"line":116,"column":3}},"type":"if","locations":[{"start":{"line":110,"column":2},"end":{"line":116,"column":3}},{"start":{},"end":{}}],"line":110},"3":{"loc":{"start":{"line":151,"column":28},"end":{"line":151,"column":68}},"type":"cond-expr","locations":[{"start":{"line":151,"column":52},"end":{"line":151,"column":61}},{"start":{"line":151,"column":64},"end":{"line":151,"column":68}}],"line":151}},"s":{"0":1,"1":1,"2":0,"3":0,"4":0,"5":0,"6":0,"7":0,"8":0,"9":0,"10":0,"11":0,"12":0,"13":0,"14":0,"15":0,"16":0,"17":0,"18":0,"19":0,"20":0,"21":0,"22":0,"23":0,"24":0,"25":0,"26":0,"27":0,"28":0,"29":0,"30":0,"31":0,"32":0,"33":0,"34":0,"35":0,"36":0,"37":1},"f":{"0":0,"1":0,"2":0,"3":0,"4":0,"5":0,"6":0,"7":0,"8":0,"9":0,"10":0,"11":0},"b":{"0":[0,0],"1":[0,0],"2":[0,0],"3":[0,0]},"_coverageSchema":"1a1c01bbd47fc00a2c39e90264f33305004495a9","hash":"1793c13d849ed4a8c1cadd7fae780642c6557b05"}
,"/Users/mukuru/Desktop/works/hekaniMobileApp/src/components/Answers.js": {"path":"/Users/mukuru/Desktop/works/hekaniMobileApp/src/components/Answers.js","statementMap":{"0":{"start":{"line":9,"column":16},"end":{"line":50,"column":1}},"1":{"start":{"line":10,"column":21},"end":{"line":10,"column":36}},"2":{"start":{"line":12,"column":32},"end":{"line":12,"column":44}},"3":{"start":{"line":13,"column":36},"end":{"line":13,"column":50}},"4":{"start":{"line":15,"column":23},"end":{"line":23,"column":3}},"5":{"start":{"line":16,"column":4},"end":{"line":22,"column":5}},"6":{"start":{"line":17,"column":24},"end":{"line":17,"column":52}},"7":{"start":{"line":18,"column":6},"end":{"line":18,"column":28}},"8":{"start":{"line":19,"column":6},"end":{"line":19,"column":26}},"9":{"start":{"line":21,"column":6},"end":{"line":21,"column":27}},"10":{"start":{"line":25,"column":2},"end":{"line":27,"column":9}},"11":{"start":{"line":26,"column":4},"end":{"line":26,"column":19}},"12":{"start":{"line":29,"column":2},"end":{"line":35,"column":3}},"13":{"start":{"line":30,"column":4},"end":{"line":34,"column":6}},"14":{"start":{"line":37,"column":2},"end":{"line":49,"column":4}},"15":{"start":{"line":41,"column":10},"end":{"line":45,"column":12}},"16":{"start":{"line":42,"column":27},"end":{"line":42,"column":66}},"17":{"start":{"line":52,"column":15},"end":{"line":56,"column":2}}},"fnMap":{"0":{"name":"(anonymous_0)","decl":{"start":{"line":9,"column":16},"end":{"line":9,"column":17}},"loc":{"start":{"line":9,"column":22},"end":{"line":50,"column":1}},"line":9},"1":{"name":"(anonymous_1)","decl":{"start":{"line":15,"column":23},"end":{"line":15,"column":24}},"loc":{"start":{"line":15,"column":35},"end":{"line":23,"column":3}},"line":15},"2":{"name":"(anonymous_2)","decl":{"start":{"line":25,"column":12},"end":{"line":25,"column":13}},"loc":{"start":{"line":25,"column":18},"end":{"line":27,"column":3}},"line":25},"3":{"name":"(anonymous_3)","decl":{"start":{"line":40,"column":21},"end":{"line":40,"column":22}},"loc":{"start":{"line":41,"column":10},"end":{"line":45,"column":12}},"line":41},"4":{"name":"(anonymous_4)","decl":{"start":{"line":42,"column":21},"end":{"line":42,"column":22}},"loc":{"start":{"line":42,"column":27},"end":{"line":42,"column":66}},"line":42}},"branchMap":{"0":{"loc":{"start":{"line":29,"column":2},"end":{"line":35,"column":3}},"type":"if","locations":[{"start":{"line":29,"column":2},"end":{"line":35,"column":3}},{"start":{},"end":{}}],"line":29}},"s":{"0":1,"1":0,"2":0,"3":0,"4":0,"5":0,"6":0,"7":0,"8":0,"9":0,"10":0,"11":0,"12":0,"13":0,"14":0,"15":0,"16":0,"17":1},"f":{"0":0,"1":0,"2":0,"3":0,"4":0},"b":{"0":[0,0]},"_coverageSchema":"1a1c01bbd47fc00a2c39e90264f33305004495a9","hash":"8a36162edacd22bc9638705c7c5b7e2f2f439974"}
,"/Users/mukuru/Desktop/works/hekaniMobileApp/src/components/Article.js": {"path":"/Users/mukuru/Desktop/works/hekaniMobileApp/src/components/Article.js","statementMap":{"0":{"start":{"line":23,"column":26},"end":{"line":23,"column":50}},"1":{"start":{"line":25,"column":16},"end":{"line":218,"column":1}},"2":{"start":{"line":26,"column":26},"end":{"line":26,"column":38}},"3":{"start":{"line":27,"column":21},"end":{"line":27,"column":38}},"4":{"start":{"line":28,"column":32},"end":{"line":28,"column":46}},"5":{"start":{"line":29,"column":42},"end":{"line":29,"column":57}},"6":{"start":{"line":30,"column":32},"end":{"line":32,"column":4}},"7":{"start":{"line":34,"column":20},"end":{"line":34,"column":27}},"8":{"start":{"line":35,"column":28},"end":{"line":65,"column":3}},"9":{"start":{"line":36,"column":21},"end":{"line":64,"column":8}},"10":{"start":{"line":53,"column":8},"end":{"line":60,"column":9}},"11":{"start":{"line":54,"column":10},"end":{"line":54,"column":33}},"12":{"start":{"line":55,"column":10},"end":{"line":55,"column":27}},"13":{"start":{"line":56,"column":10},"end":{"line":58,"column":13}},"14":{"start":{"line":59,"column":10},"end":{"line":59,"column":45}},"15":{"start":{"line":63,"column":8},"end":{"line":63,"column":27}},"16":{"start":{"line":67,"column":29},"end":{"line":69,"column":3}},"17":{"start":{"line":68,"column":4},"end":{"line":68,"column":51}},"18":{"start":{"line":71,"column":19},"end":{"line":101,"column":3}},"19":{"start":{"line":72,"column":21},"end":{"line":100,"column":8}},"20":{"start":{"line":87,"column":8},"end":{"line":96,"column":9}},"21":{"start":{"line":88,"column":10},"end":{"line":88,"column":56}},"22":{"start":{"line":89,"column":10},"end":{"line":89,"column":33}},"23":{"start":{"line":90,"column":10},"end":{"line":90,"column":27}},"24":{"start":{"line":91,"column":10},"end":{"line":93,"column":13}},"25":{"start":{"line":95,"column":10},"end":{"line":95,"column":54}},"26":{"start":{"line":99,"column":8},"end":{"line":99,"column":27}},"27":{"start":{"line":103,"column":23},"end":{"line":111,"column":3}},"28":{"start":{"line":104,"column":4},"end":{"line":110,"column":5}},"29":{"start":{"line":105,"column":24},"end":{"line":105,"column":60}},"30":{"start":{"line":106,"column":6},"end":{"line":106,"column":25}},"31":{"start":{"line":107,"column":6},"end":{"line":107,"column":24}},"32":{"start":{"line":109,"column":6},"end":{"line":109,"column":27}},"33":{"start":{"line":113,"column":2},"end":{"line":115,"column":13}},"34":{"start":{"line":114,"column":4},"end":{"line":114,"column":21}},"35":{"start":{"line":117,"column":2},"end":{"line":123,"column":3}},"36":{"start":{"line":118,"column":4},"end":{"line":122,"column":6}},"37":{"start":{"line":125,"column":2},"end":{"line":217,"column":4}},"38":{"start":{"line":133,"column":10},"end":{"line":133,"column":48}},"39":{"start":{"line":134,"column":10},"end":{"line":134,"column":41}},"40":{"start":{"line":141,"column":29},"end":{"line":141,"column":59}},"41":{"start":{"line":154,"column":45},"end":{"line":154,"column":79}},"42":{"start":{"line":189,"column":16},"end":{"line":199,"column":23}},"43":{"start":{"line":207,"column":23},"end":{"line":207,"column":44}},"44":{"start":{"line":220,"column":15},"end":{"line":319,"column":2}}},"fnMap":{"0":{"name":"(anonymous_0)","decl":{"start":{"line":25,"column":16},"end":{"line":25,"column":17}},"loc":{"start":{"line":25,"column":31},"end":{"line":218,"column":1}},"line":25},"1":{"name":"(anonymous_1)","decl":{"start":{"line":35,"column":28},"end":{"line":35,"column":29}},"loc":{"start":{"line":35,"column":40},"end":{"line":65,"column":3}},"line":35},"2":{"name":"(anonymous_2)","decl":{"start":{"line":52,"column":12},"end":{"line":52,"column":13}},"loc":{"start":{"line":52,"column":26},"end":{"line":61,"column":7}},"line":52},"3":{"name":"(anonymous_3)","decl":{"start":{"line":62,"column":13},"end":{"line":62,"column":14}},"loc":{"start":{"line":62,"column":24},"end":{"line":64,"column":7}},"line":62},"4":{"name":"(anonymous_4)","decl":{"start":{"line":67,"column":29},"end":{"line":67,"column":30}},"loc":{"start":{"line":67,"column":51},"end":{"line":69,"column":3}},"line":67},"5":{"name":"(anonymous_5)","decl":{"start":{"line":71,"column":19},"end":{"line":71,"column":20}},"loc":{"start":{"line":71,"column":31},"end":{"line":101,"column":3}},"line":71},"6":{"name":"(anonymous_6)","decl":{"start":{"line":86,"column":12},"end":{"line":86,"column":13}},"loc":{"start":{"line":86,"column":26},"end":{"line":97,"column":7}},"line":86},"7":{"name":"(anonymous_7)","decl":{"start":{"line":98,"column":13},"end":{"line":98,"column":14}},"loc":{"start":{"line":98,"column":24},"end":{"line":100,"column":7}},"line":98},"8":{"name":"(anonymous_8)","decl":{"start":{"line":103,"column":23},"end":{"line":103,"column":24}},"loc":{"start":{"line":103,"column":37},"end":{"line":111,"column":3}},"line":103},"9":{"name":"(anonymous_9)","decl":{"start":{"line":113,"column":12},"end":{"line":113,"column":13}},"loc":{"start":{"line":113,"column":18},"end":{"line":115,"column":3}},"line":113},"10":{"name":"(anonymous_10)","decl":{"start":{"line":132,"column":24},"end":{"line":132,"column":25}},"loc":{"start":{"line":132,"column":30},"end":{"line":135,"column":9}},"line":132},"11":{"name":"(anonymous_11)","decl":{"start":{"line":141,"column":23},"end":{"line":141,"column":24}},"loc":{"start":{"line":141,"column":29},"end":{"line":141,"column":59}},"line":141},"12":{"name":"(anonymous_12)","decl":{"start":{"line":154,"column":34},"end":{"line":154,"column":35}},"loc":{"start":{"line":154,"column":45},"end":{"line":154,"column":79}},"line":154},"13":{"name":"(anonymous_13)","decl":{"start":{"line":188,"column":32},"end":{"line":188,"column":33}},"loc":{"start":{"line":189,"column":16},"end":{"line":199,"column":23}},"line":189},"14":{"name":"(anonymous_14)","decl":{"start":{"line":207,"column":17},"end":{"line":207,"column":18}},"loc":{"start":{"line":207,"column":23},"end":{"line":207,"column":44}},"line":207}},"branchMap":{"0":{"loc":{"start":{"line":53,"column":8},"end":{"line":60,"column":9}},"type":"if","locations":[{"start":{"line":53,"column":8},"end":{"line":60,"column":9}},{"start":{},"end":{}}],"line":53},"1":{"loc":{"start":{"line":87,"column":8},"end":{"line":96,"column":9}},"type":"if","locations":[{"start":{"line":87,"column":8},"end":{"line":96,"column":9}},{"start":{"line":94,"column":15},"end":{"line":96,"column":9}}],"line":87},"2":{"loc":{"start":{"line":117,"column":2},"end":{"line":123,"column":3}},"type":"if","locations":[{"start":{"line":117,"column":2},"end":{"line":123,"column":3}},{"start":{},"end":{}}],"line":117}},"s":{"0":1,"1":1,"2":0,"3":0,"4":0,"5":0,"6":0,"7":0,"8":0,"9":0,"10":0,"11":0,"12":0,"13":0,"14":0,"15":0,"16":0,"17":0,"18":0,"19":0,"20":0,"21":0,"22":0,"23":0,"24":0,"25":0,"26":0,"27":0,"28":0,"29":0,"30":0,"31":0,"32":0,"33":0,"34":0,"35":0,"36":0,"37":0,"38":0,"39":0,"40":0,"41":0,"42":0,"43":0,"44":1},"f":{"0":0,"1":0,"2":0,"3":0,"4":0,"5":0,"6":0,"7":0,"8":0,"9":0,"10":0,"11":0,"12":0,"13":0,"14":0},"b":{"0":[0,0],"1":[0,0],"2":[0,0]},"_coverageSchema":"1a1c01bbd47fc00a2c39e90264f33305004495a9","hash":"df0a28270cc73bd3c6c7bc36c7b75ffa457cfac4"}
,"/Users/mukuru/Desktop/works/hekaniMobileApp/src/components/Articles.js": {"path":"/Users/mukuru/Desktop/works/hekaniMobileApp/src/components/Articles.js","statementMap":{"0":{"start":{"line":5,"column":17},"end":{"line":12,"column":1}},"1":{"start":{"line":6,"column":4},"end":{"line":11,"column":5}}},"fnMap":{"0":{"name":"(anonymous_0)","decl":{"start":{"line":5,"column":17},"end":{"line":5,"column":18}},"loc":{"start":{"line":5,"column":31},"end":{"line":12,"column":1}},"line":5}},"branchMap":{},"s":{"0":1,"1":0},"f":{"0":0},"b":{},"_coverageSchema":"1a1c01bbd47fc00a2c39e90264f33305004495a9","hash":"9c4d69c889bcd886289ffd37014738b9f14f890c"}
,"/Users/mukuru/Desktop/works/hekaniMobileApp/src/components/Authenticate.js": {"path":"/Users/mukuru/Desktop/works/hekaniMobileApp/src/components/Authenticate.js","statementMap":{"0":{"start":{"line":9,"column":14},"end":{"line":9,"column":44}},"1":{"start":{"line":11,"column":21},"end":{"line":47,"column":1}},"2":{"start":{"line":13,"column":4},"end":{"line":21,"column":5}},"3":{"start":{"line":14,"column":8},"end":{"line":20,"column":11}},"4":{"start":{"line":16,"column":12},"end":{"line":16,"column":27}},"5":{"start":{"line":19,"column":12},"end":{"line":19,"column":48}},"6":{"start":{"line":23,"column":23},"end":{"line":23,"column":37}},"7":{"start":{"line":25,"column":4},"end":{"line":46,"column":5}},"8":{"start":{"line":31,"column":43},"end":{"line":31,"column":78}},"9":{"start":{"line":32,"column":43},"end":{"line":32,"column":82}},"10":{"start":{"line":49,"column":15},"end":{"line":58,"column":4}}},"fnMap":{"0":{"name":"(anonymous_0)","decl":{"start":{"line":11,"column":21},"end":{"line":11,"column":22}},"loc":{"start":{"line":11,"column":68},"end":{"line":47,"column":1}},"line":11},"1":{"name":"(anonymous_1)","decl":{"start":{"line":13,"column":25},"end":{"line":13,"column":26}},"loc":{"start":{"line":13,"column":31},"end":{"line":21,"column":5}},"line":13},"2":{"name":"(anonymous_2)","decl":{"start":{"line":15,"column":14},"end":{"line":15,"column":15}},"loc":{"start":{"line":15,"column":26},"end":{"line":17,"column":9}},"line":15},"3":{"name":"(anonymous_3)","decl":{"start":{"line":18,"column":15},"end":{"line":18,"column":16}},"loc":{"start":{"line":18,"column":24},"end":{"line":20,"column":9}},"line":18},"4":{"name":"(anonymous_4)","decl":{"start":{"line":31,"column":37},"end":{"line":31,"column":38}},"loc":{"start":{"line":31,"column":43},"end":{"line":31,"column":78}},"line":31},"5":{"name":"(anonymous_5)","decl":{"start":{"line":32,"column":37},"end":{"line":32,"column":38}},"loc":{"start":{"line":32,"column":43},"end":{"line":32,"column":82}},"line":32}},"branchMap":{},"s":{"0":1,"1":1,"2":0,"3":0,"4":0,"5":0,"6":0,"7":0,"8":0,"9":0,"10":1},"f":{"0":0,"1":0,"2":0,"3":0,"4":0,"5":0},"b":{},"_coverageSchema":"1a1c01bbd47fc00a2c39e90264f33305004495a9","hash":"668e6a7030325b4d524d7e87f3f26392269c0fc8"}
,"/Users/mukuru/Desktop/works/hekaniMobileApp/src/components/Featured.js": {"path":"/Users/mukuru/Desktop/works/hekaniMobileApp/src/components/Featured.js","statementMap":{"0":{"start":{"line":5,"column":17},"end":{"line":8,"column":1}},"1":{"start":{"line":6,"column":23},"end":{"line":6,"column":38}},"2":{"start":{"line":7,"column":4},"end":{"line":7,"column":135}},"3":{"start":{"line":7,"column":32},"end":{"line":7,"column":70}}},"fnMap":{"0":{"name":"(anonymous_0)","decl":{"start":{"line":5,"column":17},"end":{"line":5,"column":18}},"loc":{"start":{"line":5,"column":30},"end":{"line":8,"column":1}},"line":5},"1":{"name":"(anonymous_1)","decl":{"start":{"line":7,"column":26},"end":{"line":7,"column":27}},"loc":{"start":{"line":7,"column":32},"end":{"line":7,"column":70}},"line":7}},"branchMap":{},"s":{"0":1,"1":0,"2":0,"3":0},"f":{"0":0,"1":0},"b":{},"_coverageSchema":"1a1c01bbd47fc00a2c39e90264f33305004495a9","hash":"cad94f6c128f2cf2222d9f7867b0a60781accf27"}
,"/Users/mukuru/Desktop/works/hekaniMobileApp/src/components/Home.js": {"path":"/Users/mukuru/Desktop/works/hekaniMobileApp/src/components/Home.js","statementMap":{"0":{"start":{"line":10,"column":13},"end":{"line":62,"column":1}},"1":{"start":{"line":11,"column":34},"end":{"line":11,"column":46}},"2":{"start":{"line":12,"column":36},"end":{"line":12,"column":50}},"3":{"start":{"line":14,"column":24},"end":{"line":23,"column":3}},"4":{"start":{"line":16,"column":4},"end":{"line":22,"column":5}},"5":{"start":{"line":17,"column":25},"end":{"line":17,"column":56}},"6":{"start":{"line":18,"column":6},"end":{"line":18,"column":30}},"7":{"start":{"line":19,"column":6},"end":{"line":19,"column":26}},"8":{"start":{"line":21,"column":8},"end":{"line":21,"column":29}},"9":{"start":{"line":25,"column":2},"end":{"line":27,"column":17}},"10":{"start":{"line":26,"column":4},"end":{"line":26,"column":20}},"11":{"start":{"line":29,"column":2},"end":{"line":37,"column":1}},"12":{"start":{"line":30,"column":4},"end":{"line":36,"column":7}},"13":{"start":{"line":32,"column":8},"end":{"line":32,"column":23}},"14":{"start":{"line":35,"column":8},"end":{"line":35,"column":44}},"15":{"start":{"line":39,"column":2},"end":{"line":45,"column":3}},"16":{"start":{"line":40,"column":4},"end":{"line":44,"column":6}},"17":{"start":{"line":48,"column":2},"end":{"line":61,"column":4}}},"fnMap":{"0":{"name":"(anonymous_0)","decl":{"start":{"line":10,"column":13},"end":{"line":10,"column":14}},"loc":{"start":{"line":10,"column":46},"end":{"line":62,"column":1}},"line":10},"1":{"name":"(anonymous_1)","decl":{"start":{"line":14,"column":24},"end":{"line":14,"column":25}},"loc":{"start":{"line":14,"column":36},"end":{"line":23,"column":3}},"line":14},"2":{"name":"(anonymous_2)","decl":{"start":{"line":25,"column":12},"end":{"line":25,"column":13}},"loc":{"start":{"line":25,"column":18},"end":{"line":27,"column":3}},"line":25},"3":{"name":"(anonymous_3)","decl":{"start":{"line":29,"column":23},"end":{"line":29,"column":24}},"loc":{"start":{"line":29,"column":29},"end":{"line":37,"column":1}},"line":29},"4":{"name":"(anonymous_4)","decl":{"start":{"line":31,"column":10},"end":{"line":31,"column":11}},"loc":{"start":{"line":31,"column":22},"end":{"line":33,"column":5}},"line":31},"5":{"name":"(anonymous_5)","decl":{"start":{"line":34,"column":11},"end":{"line":34,"column":12}},"loc":{"start":{"line":34,"column":20},"end":{"line":36,"column":5}},"line":34}},"branchMap":{"0":{"loc":{"start":{"line":39,"column":2},"end":{"line":45,"column":3}},"type":"if","locations":[{"start":{"line":39,"column":2},"end":{"line":45,"column":3}},{"start":{},"end":{}}],"line":39}},"s":{"0":1,"1":0,"2":0,"3":0,"4":0,"5":0,"6":0,"7":0,"8":0,"9":0,"10":0,"11":0,"12":0,"13":0,"14":0,"15":0,"16":0,"17":0},"f":{"0":0,"1":0,"2":0,"3":0,"4":0,"5":0},"b":{"0":[0,0]},"_coverageSchema":"1a1c01bbd47fc00a2c39e90264f33305004495a9","hash":"684343b0b717738172bb01253158242e8a017e1c"}
,"/Users/mukuru/Desktop/works/hekaniMobileApp/src/components/Notifications.js": {"path":"/Users/mukuru/Desktop/works/hekaniMobileApp/src/components/Notifications.js","statementMap":{"0":{"start":{"line":7,"column":23},"end":{"line":7,"column":38}},"1":{"start":{"line":9,"column":4},"end":{"line":17,"column":5}},"2":{"start":{"line":13,"column":23},"end":{"line":13,"column":42}}},"fnMap":{"0":{"name":"Notifications","decl":{"start":{"line":5,"column":9},"end":{"line":5,"column":22}},"loc":{"start":{"line":5,"column":25},"end":{"line":18,"column":1}},"line":5},"1":{"name":"(anonymous_1)","decl":{"start":{"line":13,"column":17},"end":{"line":13,"column":18}},"loc":{"start":{"line":13,"column":23},"end":{"line":13,"column":42}},"line":13}},"branchMap":{},"s":{"0":0,"1":0,"2":0},"f":{"0":0,"1":0},"b":{}}
,"/Users/mukuru/Desktop/works/hekaniMobileApp/src/components/Question.js": {"path":"/Users/mukuru/Desktop/works/hekaniMobileApp/src/components/Question.js","statementMap":{"0":{"start":{"line":18,"column":26},"end":{"line":18,"column":50}},"1":{"start":{"line":20,"column":17},"end":{"line":97,"column":1}},"2":{"start":{"line":21,"column":21},"end":{"line":21,"column":36}},"3":{"start":{"line":22,"column":36},"end":{"line":22,"column":48}},"4":{"start":{"line":23,"column":26},"end":{"line":23,"column":43}},"5":{"start":{"line":24,"column":32},"end":{"line":24,"column":46}},"6":{"start":{"line":25,"column":42},"end":{"line":25,"column":57}},"7":{"start":{"line":27,"column":2},"end":{"line":38,"column":19}},"8":{"start":{"line":28,"column":26},"end":{"line":36,"column":5}},"9":{"start":{"line":29,"column":6},"end":{"line":35,"column":7}},"10":{"start":{"line":30,"column":27},"end":{"line":30,"column":64}},"11":{"start":{"line":31,"column":8},"end":{"line":31,"column":32}},"12":{"start":{"line":32,"column":8},"end":{"line":32,"column":26}},"13":{"start":{"line":34,"column":8},"end":{"line":34,"column":29}},"14":{"start":{"line":37,"column":4},"end":{"line":37,"column":27}},"15":{"start":{"line":40,"column":2},"end":{"line":46,"column":3}},"16":{"start":{"line":41,"column":4},"end":{"line":45,"column":6}},"17":{"start":{"line":48,"column":2},"end":{"line":96,"column":4}},"18":{"start":{"line":56,"column":14},"end":{"line":60,"column":16}},"19":{"start":{"line":57,"column":31},"end":{"line":57,"column":70}},"20":{"start":{"line":70,"column":10},"end":{"line":70,"column":48}},"21":{"start":{"line":71,"column":10},"end":{"line":71,"column":41}},"22":{"start":{"line":78,"column":29},"end":{"line":78,"column":59}},"23":{"start":{"line":90,"column":25},"end":{"line":90,"column":46}},"24":{"start":{"line":99,"column":15},"end":{"line":174,"column":2}}},"fnMap":{"0":{"name":"(anonymous_0)","decl":{"start":{"line":20,"column":17},"end":{"line":20,"column":18}},"loc":{"start":{"line":20,"column":32},"end":{"line":97,"column":1}},"line":20},"1":{"name":"(anonymous_1)","decl":{"start":{"line":27,"column":12},"end":{"line":27,"column":13}},"loc":{"start":{"line":27,"column":18},"end":{"line":38,"column":3}},"line":27},"2":{"name":"(anonymous_2)","decl":{"start":{"line":28,"column":26},"end":{"line":28,"column":27}},"loc":{"start":{"line":28,"column":40},"end":{"line":36,"column":5}},"line":28},"3":{"name":"(anonymous_3)","decl":{"start":{"line":55,"column":36},"end":{"line":55,"column":37}},"loc":{"start":{"line":56,"column":14},"end":{"line":60,"column":16}},"line":56},"4":{"name":"(anonymous_4)","decl":{"start":{"line":57,"column":25},"end":{"line":57,"column":26}},"loc":{"start":{"line":57,"column":31},"end":{"line":57,"column":70}},"line":57},"5":{"name":"(anonymous_5)","decl":{"start":{"line":69,"column":24},"end":{"line":69,"column":25}},"loc":{"start":{"line":69,"column":30},"end":{"line":72,"column":9}},"line":69},"6":{"name":"(anonymous_6)","decl":{"start":{"line":78,"column":23},"end":{"line":78,"column":24}},"loc":{"start":{"line":78,"column":29},"end":{"line":78,"column":59}},"line":78},"7":{"name":"(anonymous_7)","decl":{"start":{"line":90,"column":19},"end":{"line":90,"column":20}},"loc":{"start":{"line":90,"column":25},"end":{"line":90,"column":46}},"line":90}},"branchMap":{"0":{"loc":{"start":{"line":40,"column":2},"end":{"line":46,"column":3}},"type":"if","locations":[{"start":{"line":40,"column":2},"end":{"line":46,"column":3}},{"start":{},"end":{}}],"line":40}},"s":{"0":1,"1":1,"2":0,"3":0,"4":0,"5":0,"6":0,"7":0,"8":0,"9":0,"10":0,"11":0,"12":0,"13":0,"14":0,"15":0,"16":0,"17":0,"18":0,"19":0,"20":0,"21":0,"22":0,"23":0,"24":1},"f":{"0":0,"1":0,"2":0,"3":0,"4":0,"5":0,"6":0,"7":0},"b":{"0":[0,0]},"_coverageSchema":"1a1c01bbd47fc00a2c39e90264f33305004495a9","hash":"02f48cfd9544ee12989abbb4cf291f365e23d6dd"}
,"/Users/mukuru/Desktop/works/hekaniMobileApp/src/components/Questions.js": {"path":"/Users/mukuru/Desktop/works/hekaniMobileApp/src/components/Questions.js","statementMap":{"0":{"start":{"line":14,"column":18},"end":{"line":63,"column":1}},"1":{"start":{"line":15,"column":21},"end":{"line":15,"column":36}},"2":{"start":{"line":16,"column":36},"end":{"line":16,"column":48}},"3":{"start":{"line":17,"column":36},"end":{"line":17,"column":50}},"4":{"start":{"line":19,"column":25},"end":{"line":27,"column":3}},"5":{"start":{"line":20,"column":4},"end":{"line":26,"column":5}},"6":{"start":{"line":21,"column":26},"end":{"line":21,"column":58}},"7":{"start":{"line":22,"column":6},"end":{"line":22,"column":32}},"8":{"start":{"line":23,"column":6},"end":{"line":23,"column":26}},"9":{"start":{"line":25,"column":6},"end":{"line":25,"column":27}},"10":{"start":{"line":29,"column":2},"end":{"line":31,"column":18}},"11":{"start":{"line":30,"column":4},"end":{"line":30,"column":21}},"12":{"start":{"line":33,"column":2},"end":{"line":39,"column":3}},"13":{"start":{"line":34,"column":4},"end":{"line":38,"column":6}},"14":{"start":{"line":41,"column":2},"end":{"line":62,"column":4}},"15":{"start":{"line":46,"column":12},"end":{"line":50,"column":14}},"16":{"start":{"line":47,"column":29},"end":{"line":47,"column":70}},"17":{"start":{"line":56,"column":25},"end":{"line":56,"column":60}},"18":{"start":{"line":65,"column":15},"end":{"line":80,"column":2}}},"fnMap":{"0":{"name":"(anonymous_0)","decl":{"start":{"line":14,"column":18},"end":{"line":14,"column":19}},"loc":{"start":{"line":14,"column":24},"end":{"line":63,"column":1}},"line":14},"1":{"name":"(anonymous_1)","decl":{"start":{"line":19,"column":25},"end":{"line":19,"column":26}},"loc":{"start":{"line":19,"column":37},"end":{"line":27,"column":3}},"line":19},"2":{"name":"(anonymous_2)","decl":{"start":{"line":29,"column":12},"end":{"line":29,"column":13}},"loc":{"start":{"line":29,"column":18},"end":{"line":31,"column":3}},"line":29},"3":{"name":"(anonymous_3)","decl":{"start":{"line":45,"column":25},"end":{"line":45,"column":26}},"loc":{"start":{"line":46,"column":12},"end":{"line":50,"column":14}},"line":46},"4":{"name":"(anonymous_4)","decl":{"start":{"line":47,"column":23},"end":{"line":47,"column":24}},"loc":{"start":{"line":47,"column":29},"end":{"line":47,"column":70}},"line":47},"5":{"name":"(anonymous_5)","decl":{"start":{"line":56,"column":19},"end":{"line":56,"column":20}},"loc":{"start":{"line":56,"column":25},"end":{"line":56,"column":60}},"line":56}},"branchMap":{"0":{"loc":{"start":{"line":33,"column":2},"end":{"line":39,"column":3}},"type":"if","locations":[{"start":{"line":33,"column":2},"end":{"line":39,"column":3}},{"start":{},"end":{}}],"line":33}},"s":{"0":1,"1":0,"2":0,"3":0,"4":0,"5":0,"6":0,"7":0,"8":0,"9":0,"10":0,"11":0,"12":0,"13":0,"14":0,"15":0,"16":0,"17":0,"18":1},"f":{"0":0,"1":0,"2":0,"3":0,"4":0,"5":0},"b":{"0":[0,0]},"_coverageSchema":"1a1c01bbd47fc00a2c39e90264f33305004495a9","hash":"c0bed82dd9420d69e32a7e1228b80fd19b74c8b7"}
,"/Users/mukuru/Desktop/works/hekaniMobileApp/src/components/Screen.js": {"path":"/Users/mukuru/Desktop/works/hekaniMobileApp/src/components/Screen.js","statementMap":{"0":{"start":{"line":4,"column":15},"end":{"line":12,"column":1}},"1":{"start":{"line":5,"column":4},"end":{"line":11,"column":5}},"2":{"start":{"line":14,"column":15},"end":{"line":21,"column":2}}},"fnMap":{"0":{"name":"(anonymous_0)","decl":{"start":{"line":4,"column":15},"end":{"line":4,"column":16}},"loc":{"start":{"line":4,"column":31},"end":{"line":12,"column":1}},"line":4}},"branchMap":{},"s":{"0":1,"1":0,"2":1},"f":{"0":0},"b":{},"_coverageSchema":"1a1c01bbd47fc00a2c39e90264f33305004495a9","hash":"ee0e838ee243f86d08d7bf30167c6ea7e8d1f06d"}
,"/Users/mukuru/Desktop/works/hekaniMobileApp/src/components/SearchBar.js": {"path":"/Users/mukuru/Desktop/works/hekaniMobileApp/src/components/SearchBar.js","statementMap":{"0":{"start":{"line":4,"column":18},"end":{"line":10,"column":1}},"1":{"start":{"line":5,"column":8},"end":{"line":9,"column":10}},"2":{"start":{"line":12,"column":15},"end":{"line":26,"column":2}}},"fnMap":{"0":{"name":"(anonymous_0)","decl":{"start":{"line":4,"column":18},"end":{"line":4,"column":19}},"loc":{"start":{"line":4,"column":24},"end":{"line":10,"column":1}},"line":4}},"branchMap":{},"s":{"0":0,"1":0,"2":0},"f":{"0":0},"b":{}}
,"/Users/mukuru/Desktop/works/hekaniMobileApp/src/components/Settings.js": {"path":"/Users/mukuru/Desktop/works/hekaniMobileApp/src/components/Settings.js","statementMap":{"0":{"start":{"line":5,"column":17},"end":{"line":31,"column":1}},"1":{"start":{"line":6,"column":2},"end":{"line":17,"column":4}},"2":{"start":{"line":7,"column":4},"end":{"line":16,"column":9}},"3":{"start":{"line":12,"column":8},"end":{"line":12,"column":23}},"4":{"start":{"line":15,"column":8},"end":{"line":15,"column":44}},"5":{"start":{"line":19,"column":2},"end":{"line":30,"column":4}},"6":{"start":{"line":33,"column":15},"end":{"line":40,"column":2}}},"fnMap":{"0":{"name":"(anonymous_0)","decl":{"start":{"line":5,"column":17},"end":{"line":5,"column":18}},"loc":{"start":{"line":5,"column":39},"end":{"line":31,"column":1}},"line":5},"1":{"name":"(anonymous_1)","decl":{"start":{"line":6,"column":23},"end":{"line":6,"column":24}},"loc":{"start":{"line":6,"column":29},"end":{"line":17,"column":3}},"line":6},"2":{"name":"(anonymous_2)","decl":{"start":{"line":11,"column":12},"end":{"line":11,"column":13}},"loc":{"start":{"line":11,"column":26},"end":{"line":13,"column":7}},"line":11},"3":{"name":"(anonymous_3)","decl":{"start":{"line":14,"column":13},"end":{"line":14,"column":14}},"loc":{"start":{"line":14,"column":24},"end":{"line":16,"column":7}},"line":14}},"branchMap":{},"s":{"0":1,"1":0,"2":0,"3":0,"4":0,"5":0,"6":1},"f":{"0":0,"1":0,"2":0,"3":0},"b":{},"_coverageSchema":"1a1c01bbd47fc00a2c39e90264f33305004495a9","hash":"ea47ae4e9e56f0d14822e9ef9c953b7a006a2bf3"}
,"/Users/mukuru/Desktop/works/hekaniMobileApp/src/components/Test.js": {"path":"/Users/mukuru/Desktop/works/hekaniMobileApp/src/components/Test.js","statementMap":{"0":{"start":{"line":5,"column":13},"end":{"line":13,"column":1}},"1":{"start":{"line":6,"column":4},"end":{"line":12,"column":5}},"2":{"start":{"line":15,"column":15},"end":{"line":31,"column":2}}},"fnMap":{"0":{"name":"(anonymous_0)","decl":{"start":{"line":5,"column":13},"end":{"line":5,"column":14}},"loc":{"start":{"line":5,"column":19},"end":{"line":13,"column":1}},"line":5}},"branchMap":{},"s":{"0":0,"1":0,"2":0},"f":{"0":0},"b":{}}
,"/Users/mukuru/Desktop/works/hekaniMobileApp/src/components/Title.js": {"path":"/Users/mukuru/Desktop/works/hekaniMobileApp/src/components/Title.js","statementMap":{"0":{"start":{"line":4,"column":14},"end":{"line":6,"column":1}},"1":{"start":{"line":5,"column":4},"end":{"line":5,"column":111}}},"fnMap":{"0":{"name":"(anonymous_0)","decl":{"start":{"line":4,"column":14},"end":{"line":4,"column":15}},"loc":{"start":{"line":4,"column":60},"end":{"line":6,"column":1}},"line":4}},"branchMap":{"0":{"loc":{"start":{"line":4,"column":26},"end":{"line":4,"column":43}},"type":"default-arg","locations":[{"start":{"line":4,"column":42},"end":{"line":4,"column":43}}],"line":4},"1":{"loc":{"start":{"line":4,"column":45},"end":{"line":4,"column":54}},"type":"default-arg","locations":[{"start":{"line":4,"column":52},"end":{"line":4,"column":54}}],"line":4}},"s":{"0":1,"1":0},"f":{"0":0},"b":{"0":[0],"1":[0]},"_coverageSchema":"1a1c01bbd47fc00a2c39e90264f33305004495a9","hash":"9cabccd664bb54baa753a5e2f72a695d5c02a82e"}
,"/Users/mukuru/Desktop/works/hekaniMobileApp/src/components/UserProfile.js": {"path":"/Users/mukuru/Desktop/works/hekaniMobileApp/src/components/UserProfile.js","statementMap":{"0":{"start":{"line":10,"column":26},"end":{"line":10,"column":50}},"1":{"start":{"line":12,"column":20},"end":{"line":86,"column":1}},"2":{"start":{"line":13,"column":23},"end":{"line":13,"column":38}},"3":{"start":{"line":15,"column":28},"end":{"line":15,"column":40}},"4":{"start":{"line":16,"column":38},"end":{"line":16,"column":52}},"5":{"start":{"line":18,"column":24},"end":{"line":26,"column":5}},"6":{"start":{"line":19,"column":8},"end":{"line":25,"column":9}},"7":{"start":{"line":20,"column":28},"end":{"line":20,"column":62}},"8":{"start":{"line":21,"column":12},"end":{"line":21,"column":29}},"9":{"start":{"line":22,"column":12},"end":{"line":22,"column":32}},"10":{"start":{"line":24,"column":12},"end":{"line":24,"column":33}},"11":{"start":{"line":28,"column":4},"end":{"line":30,"column":13}},"12":{"start":{"line":29,"column":8},"end":{"line":29,"column":22}},"13":{"start":{"line":32,"column":6},"end":{"line":38,"column":7}},"14":{"start":{"line":33,"column":8},"end":{"line":37,"column":10}},"15":{"start":{"line":40,"column":4},"end":{"line":85,"column":5}},"16":{"start":{"line":79,"column":49},"end":{"line":79,"column":143}},"17":{"start":{"line":79,"column":76},"end":{"line":79,"column":113}},"18":{"start":{"line":88,"column":15},"end":{"line":209,"column":2}}},"fnMap":{"0":{"name":"(anonymous_0)","decl":{"start":{"line":12,"column":20},"end":{"line":12,"column":21}},"loc":{"start":{"line":12,"column":26},"end":{"line":86,"column":1}},"line":12},"1":{"name":"(anonymous_1)","decl":{"start":{"line":18,"column":24},"end":{"line":18,"column":25}},"loc":{"start":{"line":18,"column":36},"end":{"line":26,"column":5}},"line":18},"2":{"name":"(anonymous_2)","decl":{"start":{"line":28,"column":14},"end":{"line":28,"column":15}},"loc":{"start":{"line":28,"column":20},"end":{"line":30,"column":7}},"line":28},"3":{"name":"(anonymous_3)","decl":{"start":{"line":79,"column":39},"end":{"line":79,"column":40}},"loc":{"start":{"line":79,"column":49},"end":{"line":79,"column":143}},"line":79},"4":{"name":"(anonymous_4)","decl":{"start":{"line":79,"column":70},"end":{"line":79,"column":71}},"loc":{"start":{"line":79,"column":76},"end":{"line":79,"column":113}},"line":79}},"branchMap":{"0":{"loc":{"start":{"line":32,"column":6},"end":{"line":38,"column":7}},"type":"if","locations":[{"start":{"line":32,"column":6},"end":{"line":38,"column":7}},{"start":{},"end":{}}],"line":32}},"s":{"0":1,"1":1,"2":0,"3":0,"4":0,"5":0,"6":0,"7":0,"8":0,"9":0,"10":0,"11":0,"12":0,"13":0,"14":0,"15":0,"16":0,"17":0,"18":1},"f":{"0":0,"1":0,"2":0,"3":0,"4":0},"b":{"0":[0,0]},"_coverageSchema":"1a1c01bbd47fc00a2c39e90264f33305004495a9","hash":"d2977611e2aec6f52f26baa1d796f1a0fd75d0f4"}
,"/Users/mukuru/Desktop/works/hekaniMobileApp/src/components/cards/AnswerCard.js": {"path":"/Users/mukuru/Desktop/works/hekaniMobileApp/src/components/cards/AnswerCard.js","statementMap":{"0":{"start":{"line":18,"column":19},"end":{"line":187,"column":1}},"1":{"start":{"line":20,"column":4},"end":{"line":20,"column":8}},"2":{"start":{"line":21,"column":40},"end":{"line":21,"column":55}},"3":{"start":{"line":23,"column":21},"end":{"line":50,"column":3}},"4":{"start":{"line":24,"column":21},"end":{"line":49,"column":8}},"5":{"start":{"line":41,"column":8},"end":{"line":45,"column":9}},"6":{"start":{"line":42,"column":10},"end":{"line":42,"column":56}},"7":{"start":{"line":44,"column":10},"end":{"line":44,"column":54}},"8":{"start":{"line":48,"column":8},"end":{"line":48,"column":27}},"9":{"start":{"line":52,"column":23},"end":{"line":76,"column":3}},"10":{"start":{"line":53,"column":21},"end":{"line":75,"column":8}},"11":{"start":{"line":67,"column":8},"end":{"line":71,"column":9}},"12":{"start":{"line":68,"column":10},"end":{"line":68,"column":56}},"13":{"start":{"line":70,"column":10},"end":{"line":70,"column":54}},"14":{"start":{"line":74,"column":8},"end":{"line":74,"column":27}},"15":{"start":{"line":78,"column":2},"end":{"line":99,"column":4}},"16":{"start":{"line":79,"column":4},"end":{"line":98,"column":9}},"17":{"start":{"line":90,"column":8},"end":{"line":94,"column":9}},"18":{"start":{"line":91,"column":10},"end":{"line":91,"column":31}},"19":{"start":{"line":93,"column":10},"end":{"line":93,"column":32}},"20":{"start":{"line":97,"column":8},"end":{"line":97,"column":31}},"21":{"start":{"line":101,"column":2},"end":{"line":103,"column":5}},"22":{"start":{"line":102,"column":4},"end":{"line":102,"column":25}},"23":{"start":{"line":105,"column":2},"end":{"line":186,"column":4}},"24":{"start":{"line":189,"column":15},"end":{"line":248,"column":2}}},"fnMap":{"0":{"name":"(anonymous_0)","decl":{"start":{"line":18,"column":19},"end":{"line":18,"column":20}},"loc":{"start":{"line":18,"column":49},"end":{"line":187,"column":1}},"line":18},"1":{"name":"(anonymous_1)","decl":{"start":{"line":23,"column":21},"end":{"line":23,"column":22}},"loc":{"start":{"line":23,"column":33},"end":{"line":50,"column":3}},"line":23},"2":{"name":"(anonymous_2)","decl":{"start":{"line":40,"column":12},"end":{"line":40,"column":13}},"loc":{"start":{"line":40,"column":26},"end":{"line":46,"column":7}},"line":40},"3":{"name":"(anonymous_3)","decl":{"start":{"line":47,"column":13},"end":{"line":47,"column":14}},"loc":{"start":{"line":47,"column":24},"end":{"line":49,"column":7}},"line":47},"4":{"name":"(anonymous_4)","decl":{"start":{"line":52,"column":23},"end":{"line":52,"column":24}},"loc":{"start":{"line":52,"column":35},"end":{"line":76,"column":3}},"line":52},"5":{"name":"(anonymous_5)","decl":{"start":{"line":66,"column":12},"end":{"line":66,"column":13}},"loc":{"start":{"line":66,"column":26},"end":{"line":72,"column":7}},"line":66},"6":{"name":"(anonymous_6)","decl":{"start":{"line":73,"column":13},"end":{"line":73,"column":14}},"loc":{"start":{"line":73,"column":24},"end":{"line":75,"column":7}},"line":73},"7":{"name":"(anonymous_7)","decl":{"start":{"line":78,"column":23},"end":{"line":78,"column":24}},"loc":{"start":{"line":78,"column":29},"end":{"line":99,"column":3}},"line":78},"8":{"name":"(anonymous_8)","decl":{"start":{"line":89,"column":12},"end":{"line":89,"column":13}},"loc":{"start":{"line":89,"column":21},"end":{"line":95,"column":7}},"line":89},"9":{"name":"(anonymous_9)","decl":{"start":{"line":96,"column":13},"end":{"line":96,"column":14}},"loc":{"start":{"line":96,"column":22},"end":{"line":98,"column":7}},"line":96},"10":{"name":"(anonymous_10)","decl":{"start":{"line":101,"column":12},"end":{"line":101,"column":13}},"loc":{"start":{"line":101,"column":18},"end":{"line":103,"column":3}},"line":101}},"branchMap":{"0":{"loc":{"start":{"line":41,"column":8},"end":{"line":45,"column":9}},"type":"if","locations":[{"start":{"line":41,"column":8},"end":{"line":45,"column":9}},{"start":{"line":43,"column":15},"end":{"line":45,"column":9}}],"line":41},"1":{"loc":{"start":{"line":67,"column":8},"end":{"line":71,"column":9}},"type":"if","locations":[{"start":{"line":67,"column":8},"end":{"line":71,"column":9}},{"start":{"line":69,"column":15},"end":{"line":71,"column":9}}],"line":67},"2":{"loc":{"start":{"line":90,"column":8},"end":{"line":94,"column":9}},"type":"if","locations":[{"start":{"line":90,"column":8},"end":{"line":94,"column":9}},{"start":{"line":92,"column":15},"end":{"line":94,"column":9}}],"line":90},"3":{"loc":{"start":{"line":120,"column":15},"end":{"line":148,"column":15}},"type":"cond-expr","locations":[{"start":{"line":121,"column":16},"end":{"line":133,"column":23}},{"start":{"line":135,"column":16},"end":{"line":147,"column":23}}],"line":120},"4":{"loc":{"start":{"line":123,"column":30},"end":{"line":123,"column":70}},"type":"cond-expr","locations":[{"start":{"line":123,"column":54},"end":{"line":123,"column":63}},{"start":{"line":123,"column":66},"end":{"line":123,"column":70}}],"line":123},"5":{"loc":{"start":{"line":137,"column":30},"end":{"line":137,"column":70}},"type":"cond-expr","locations":[{"start":{"line":137,"column":54},"end":{"line":137,"column":63}},{"start":{"line":137,"column":66},"end":{"line":137,"column":70}}],"line":137}},"s":{"0":1,"1":0,"2":0,"3":0,"4":0,"5":0,"6":0,"7":0,"8":0,"9":0,"10":0,"11":0,"12":0,"13":0,"14":0,"15":0,"16":0,"17":0,"18":0,"19":0,"20":0,"21":0,"22":0,"23":0,"24":1},"f":{"0":0,"1":0,"2":0,"3":0,"4":0,"5":0,"6":0,"7":0,"8":0,"9":0,"10":0},"b":{"0":[0,0],"1":[0,0],"2":[0,0],"3":[0,0],"4":[0,0],"5":[0,0]},"_coverageSchema":"1a1c01bbd47fc00a2c39e90264f33305004495a9","hash":"b3a49e8ee868b4d615df31ad7fdaf1b0dc94642e"}
,"/Users/mukuru/Desktop/works/hekaniMobileApp/src/components/cards/Card.js": {"path":"/Users/mukuru/Desktop/works/hekaniMobileApp/src/components/cards/Card.js","statementMap":{"0":{"start":{"line":5,"column":13},"end":{"line":25,"column":1}},"1":{"start":{"line":6,"column":35},"end":{"line":6,"column":39}},"2":{"start":{"line":7,"column":4},"end":{"line":24,"column":6}},"3":{"start":{"line":27,"column":15},"end":{"line":43,"column":2}}},"fnMap":{"0":{"name":"(anonymous_0)","decl":{"start":{"line":5,"column":13},"end":{"line":5,"column":14}},"loc":{"start":{"line":5,"column":53},"end":{"line":25,"column":1}},"line":5}},"branchMap":{},"s":{"0":1,"1":0,"2":0,"3":1},"f":{"0":0},"b":{},"_coverageSchema":"1a1c01bbd47fc00a2c39e90264f33305004495a9","hash":"269170766805f21b27aa28c82c7acc426f268cc5"}
,"/Users/mukuru/Desktop/works/hekaniMobileApp/src/components/cards/FlatCard.js": {"path":"/Users/mukuru/Desktop/works/hekaniMobileApp/src/components/cards/FlatCard.js","statementMap":{"0":{"start":{"line":7,"column":17},"end":{"line":33,"column":1}},"1":{"start":{"line":8,"column":56},"end":{"line":8,"column":60}},"2":{"start":{"line":9,"column":4},"end":{"line":32,"column":6}},"3":{"start":{"line":35,"column":15},"end":{"line":69,"column":2}}},"fnMap":{"0":{"name":"(anonymous_0)","decl":{"start":{"line":7,"column":17},"end":{"line":7,"column":18}},"loc":{"start":{"line":7,"column":57},"end":{"line":33,"column":1}},"line":7}},"branchMap":{},"s":{"0":1,"1":0,"2":0,"3":1},"f":{"0":0},"b":{},"_coverageSchema":"1a1c01bbd47fc00a2c39e90264f33305004495a9","hash":"a2930ddb823190fcf0a3c49a6dda06c09f253a05"}
,"/Users/mukuru/Desktop/works/hekaniMobileApp/src/components/cards/OuestionCard.js": {"path":"/Users/mukuru/Desktop/works/hekaniMobileApp/src/components/cards/OuestionCard.js","statementMap":{"0":{"start":{"line":7,"column":21},"end":{"line":38,"column":1}},"1":{"start":{"line":8,"column":38},"end":{"line":8,"column":42}},"2":{"start":{"line":9,"column":2},"end":{"line":37,"column":4}},"3":{"start":{"line":40,"column":15},"end":{"line":59,"column":2}}},"fnMap":{"0":{"name":"(anonymous_0)","decl":{"start":{"line":7,"column":21},"end":{"line":7,"column":22}},"loc":{"start":{"line":7,"column":51},"end":{"line":38,"column":1}},"line":7}},"branchMap":{},"s":{"0":1,"1":0,"2":0,"3":1},"f":{"0":0},"b":{},"_coverageSchema":"1a1c01bbd47fc00a2c39e90264f33305004495a9","hash":"2e43d1a39779f3333ce6af2f0f5358aecf9e0cfe"}
,"/Users/mukuru/Desktop/works/hekaniMobileApp/src/components/cards/SmallCard.js": {"path":"/Users/mukuru/Desktop/works/hekaniMobileApp/src/components/cards/SmallCard.js","statementMap":{"0":{"start":{"line":5,"column":18},"end":{"line":5,"column":42}},"1":{"start":{"line":7,"column":18},"end":{"line":16,"column":1}},"2":{"start":{"line":8,"column":4},"end":{"line":15,"column":5}},"3":{"start":{"line":18,"column":15},"end":{"line":28,"column":2}}},"fnMap":{"0":{"name":"(anonymous_0)","decl":{"start":{"line":7,"column":18},"end":{"line":7,"column":19}},"loc":{"start":{"line":7,"column":39},"end":{"line":16,"column":1}},"line":7}},"branchMap":{},"s":{"0":1,"1":1,"2":0,"3":1},"f":{"0":0},"b":{},"_coverageSchema":"1a1c01bbd47fc00a2c39e90264f33305004495a9","hash":"96a8384d9451e6d1297dc6a840a7975688e9be56"}
,"/Users/mukuru/Desktop/works/hekaniMobileApp/src/components/extras/ActivityIndicator.js": {"path":"/Users/mukuru/Desktop/works/hekaniMobileApp/src/components/extras/ActivityIndicator.js","statementMap":{"0":{"start":{"line":5,"column":26},"end":{"line":15,"column":1}},"1":{"start":{"line":6,"column":4},"end":{"line":14,"column":5}}},"fnMap":{"0":{"name":"(anonymous_0)","decl":{"start":{"line":5,"column":26},"end":{"line":5,"column":27}},"loc":{"start":{"line":5,"column":32},"end":{"line":15,"column":1}},"line":5}},"branchMap":{},"s":{"0":1,"1":1},"f":{"0":1},"b":{},"_coverageSchema":"1a1c01bbd47fc00a2c39e90264f33305004495a9","hash":"6b7a0530531c0dad19c92a7b5105beadc62f484a"}
,"/Users/mukuru/Desktop/works/hekaniMobileApp/src/components/forms/AnswerForm.js": {"path":"/Users/mukuru/Desktop/works/hekaniMobileApp/src/components/forms/AnswerForm.js","statementMap":{"0":{"start":{"line":9,"column":19},"end":{"line":64,"column":1}},"1":{"start":{"line":11,"column":20},"end":{"line":11,"column":28}},"2":{"start":{"line":12,"column":34},"end":{"line":14,"column":6}},"3":{"start":{"line":16,"column":22},"end":{"line":16,"column":28}},"4":{"start":{"line":17,"column":23},"end":{"line":39,"column":5}},"5":{"start":{"line":18,"column":25},"end":{"line":38,"column":10}},"6":{"start":{"line":33,"column":12},"end":{"line":35,"column":13}},"7":{"start":{"line":34,"column":16},"end":{"line":34,"column":50}},"8":{"start":{"line":37,"column":12},"end":{"line":37,"column":31}},"9":{"start":{"line":41,"column":31},"end":{"line":43,"column":5}},"10":{"start":{"line":42,"column":8},"end":{"line":42,"column":53}},"11":{"start":{"line":45,"column":4},"end":{"line":63,"column":5}},"12":{"start":{"line":47,"column":81},"end":{"line":47,"column":115}},"13":{"start":{"line":66,"column":15},"end":{"line":90,"column":2}}},"fnMap":{"0":{"name":"(anonymous_0)","decl":{"start":{"line":9,"column":19},"end":{"line":9,"column":20}},"loc":{"start":{"line":9,"column":37},"end":{"line":64,"column":1}},"line":9},"1":{"name":"(anonymous_1)","decl":{"start":{"line":17,"column":23},"end":{"line":17,"column":24}},"loc":{"start":{"line":17,"column":35},"end":{"line":39,"column":5}},"line":17},"2":{"name":"(anonymous_2)","decl":{"start":{"line":31,"column":15},"end":{"line":31,"column":16}},"loc":{"start":{"line":31,"column":27},"end":{"line":36,"column":9}},"line":31},"3":{"name":"(anonymous_3)","decl":{"start":{"line":36,"column":17},"end":{"line":36,"column":18}},"loc":{"start":{"line":36,"column":26},"end":{"line":38,"column":9}},"line":36},"4":{"name":"(anonymous_4)","decl":{"start":{"line":41,"column":31},"end":{"line":41,"column":32}},"loc":{"start":{"line":41,"column":53},"end":{"line":43,"column":5}},"line":41},"5":{"name":"(anonymous_5)","decl":{"start":{"line":47,"column":72},"end":{"line":47,"column":73}},"loc":{"start":{"line":47,"column":81},"end":{"line":47,"column":115}},"line":47}},"branchMap":{"0":{"loc":{"start":{"line":33,"column":12},"end":{"line":35,"column":13}},"type":"if","locations":[{"start":{"line":33,"column":12},"end":{"line":35,"column":13}},{"start":{},"end":{}}],"line":33},"1":{"loc":{"start":{"line":77,"column":19},"end":{"line":77,"column":47}},"type":"binary-expr","locations":[{"start":{"line":77,"column":19},"end":{"line":77,"column":42}},{"start":{"line":77,"column":46},"end":{"line":77,"column":47}}],"line":77}},"s":{"0":1,"1":0,"2":0,"3":0,"4":0,"5":0,"6":0,"7":0,"8":0,"9":0,"10":0,"11":0,"12":0,"13":1},"f":{"0":0,"1":0,"2":0,"3":0,"4":0,"5":0},"b":{"0":[0,0],"1":[1,1]},"_coverageSchema":"1a1c01bbd47fc00a2c39e90264f33305004495a9","hash":"7a352150f6c4567e1fa167546a42d40bc02f33b4"}
,"/Users/mukuru/Desktop/works/hekaniMobileApp/src/components/forms/FormButton.js": {"path":"/Users/mukuru/Desktop/works/hekaniMobileApp/src/components/forms/FormButton.js","statementMap":{"0":{"start":{"line":4,"column":19},"end":{"line":12,"column":1}},"1":{"start":{"line":5,"column":2},"end":{"line":11,"column":4}},"2":{"start":{"line":14,"column":15},"end":{"line":25,"column":2}}},"fnMap":{"0":{"name":"(anonymous_0)","decl":{"start":{"line":4,"column":19},"end":{"line":4,"column":20}},"loc":{"start":{"line":4,"column":43},"end":{"line":12,"column":1}},"line":4}},"branchMap":{},"s":{"0":1,"1":0,"2":1},"f":{"0":0},"b":{},"_coverageSchema":"1a1c01bbd47fc00a2c39e90264f33305004495a9","hash":"1cc2ab0723abead35ae2c8cf7975418ef48a15bf"}
,"/Users/mukuru/Desktop/works/hekaniMobileApp/src/components/forms/FormContainer.js": {"path":"/Users/mukuru/Desktop/works/hekaniMobileApp/src/components/forms/FormContainer.js","statementMap":{"0":{"start":{"line":4,"column":22},"end":{"line":14,"column":1}},"1":{"start":{"line":5,"column":4},"end":{"line":13,"column":5}},"2":{"start":{"line":16,"column":15},"end":{"line":21,"column":2}}},"fnMap":{"0":{"name":"(anonymous_0)","decl":{"start":{"line":4,"column":22},"end":{"line":4,"column":23}},"loc":{"start":{"line":4,"column":38},"end":{"line":14,"column":1}},"line":4}},"branchMap":{"0":{"loc":{"start":{"line":8,"column":22},"end":{"line":8,"column":62}},"type":"cond-expr","locations":[{"start":{"line":8,"column":46},"end":{"line":8,"column":55}},{"start":{"line":8,"column":58},"end":{"line":8,"column":62}}],"line":8}},"s":{"0":1,"1":0,"2":1},"f":{"0":0},"b":{"0":[0,0]},"_coverageSchema":"1a1c01bbd47fc00a2c39e90264f33305004495a9","hash":"06617efde086fcd5f7a0eb198e8f049ab6ba070b"}
,"/Users/mukuru/Desktop/works/hekaniMobileApp/src/components/forms/FormHeader.js": {"path":"/Users/mukuru/Desktop/works/hekaniMobileApp/src/components/forms/FormHeader.js","statementMap":{"0":{"start":{"line":4,"column":19},"end":{"line":14,"column":1}},"1":{"start":{"line":5,"column":4},"end":{"line":13,"column":5}},"2":{"start":{"line":16,"column":15},"end":{"line":31,"column":2}}},"fnMap":{"0":{"name":"(anonymous_0)","decl":{"start":{"line":4,"column":19},"end":{"line":4,"column":20}},"loc":{"start":{"line":4,"column":52},"end":{"line":14,"column":1}},"line":4}},"branchMap":{},"s":{"0":1,"1":0,"2":1},"f":{"0":0},"b":{},"_coverageSchema":"1a1c01bbd47fc00a2c39e90264f33305004495a9","hash":"fac8b75bdc6c00de2c55eb47dcaa46f55bd72b15"}
,"/Users/mukuru/Desktop/works/hekaniMobileApp/src/components/forms/FormInput.js": {"path":"/Users/mukuru/Desktop/works/hekaniMobileApp/src/components/forms/FormInput.js","statementMap":{"0":{"start":{"line":4,"column":18},"end":{"line":12,"column":1}},"1":{"start":{"line":5,"column":33},"end":{"line":5,"column":38}},"2":{"start":{"line":6,"column":2},"end":{"line":11,"column":4}},"3":{"start":{"line":14,"column":15},"end":{"line":24,"column":2}}},"fnMap":{"0":{"name":"(anonymous_0)","decl":{"start":{"line":4,"column":18},"end":{"line":4,"column":19}},"loc":{"start":{"line":4,"column":29},"end":{"line":12,"column":1}},"line":4}},"branchMap":{},"s":{"0":1,"1":0,"2":0,"3":1},"f":{"0":0},"b":{},"_coverageSchema":"1a1c01bbd47fc00a2c39e90264f33305004495a9","hash":"772f822ec0d46ddb30c4a40ff6e64d1cb3f120c3"}
,"/Users/mukuru/Desktop/works/hekaniMobileApp/src/components/forms/FormSelect.js": {"path":"/Users/mukuru/Desktop/works/hekaniMobileApp/src/components/forms/FormSelect.js","statementMap":{"0":{"start":{"line":4,"column":19},"end":{"line":12,"column":1}},"1":{"start":{"line":5,"column":4},"end":{"line":11,"column":5}},"2":{"start":{"line":14,"column":15},"end":{"line":25,"column":2}}},"fnMap":{"0":{"name":"(anonymous_0)","decl":{"start":{"line":4,"column":19},"end":{"line":4,"column":20}},"loc":{"start":{"line":4,"column":65},"end":{"line":12,"column":1}},"line":4}},"branchMap":{},"s":{"0":1,"1":0,"2":1},"f":{"0":0},"b":{},"_coverageSchema":"1a1c01bbd47fc00a2c39e90264f33305004495a9","hash":"2fbe80879b9094b9bad2947f9931d03d18707fbf"}
,"/Users/mukuru/Desktop/works/hekaniMobileApp/src/components/forms/LoginForm.js": {"path":"/Users/mukuru/Desktop/works/hekaniMobileApp/src/components/forms/LoginForm.js","statementMap":{"0":{"start":{"line":8,"column":20},"end":{"line":13,"column":1}},"1":{"start":{"line":9,"column":4},"end":{"line":9,"column":24}},"2":{"start":{"line":10,"column":4},"end":{"line":12,"column":13}},"3":{"start":{"line":11,"column":8},"end":{"line":11,"column":25}},"4":{"start":{"line":15,"column":21},"end":{"line":18,"column":1}},"5":{"start":{"line":16,"column":18},"end":{"line":16,"column":65}},"6":{"start":{"line":17,"column":4},"end":{"line":17,"column":28}},"7":{"start":{"line":20,"column":18},"end":{"line":84,"column":1}},"8":{"start":{"line":21,"column":30},"end":{"line":25,"column":6}},"9":{"start":{"line":27,"column":32},"end":{"line":27,"column":44}},"10":{"start":{"line":29,"column":32},"end":{"line":29,"column":36}},"11":{"start":{"line":30,"column":19},"end":{"line":55,"column":5}},"12":{"start":{"line":31,"column":25},"end":{"line":54,"column":10}},"13":{"start":{"line":49,"column":12},"end":{"line":51,"column":13}},"14":{"start":{"line":50,"column":16},"end":{"line":50,"column":43}},"15":{"start":{"line":53,"column":12},"end":{"line":53,"column":31}},"16":{"start":{"line":57,"column":31},"end":{"line":59,"column":5}},"17":{"start":{"line":58,"column":8},"end":{"line":58,"column":49}},"18":{"start":{"line":61,"column":24},"end":{"line":69,"column":5}},"19":{"start":{"line":64,"column":8},"end":{"line":64,"column":79}},"20":{"start":{"line":64,"column":34},"end":{"line":64,"column":79}},"21":{"start":{"line":66,"column":8},"end":{"line":66,"column":114}},"22":{"start":{"line":66,"column":53},"end":{"line":66,"column":114}},"23":{"start":{"line":68,"column":8},"end":{"line":68,"column":20}},"24":{"start":{"line":71,"column":23},"end":{"line":75,"column":5}},"25":{"start":{"line":72,"column":8},"end":{"line":74,"column":9}},"26":{"start":{"line":73,"column":12},"end":{"line":73,"column":21}},"27":{"start":{"line":76,"column":4},"end":{"line":83,"column":5}},"28":{"start":{"line":79,"column":60},"end":{"line":79,"column":94}},"29":{"start":{"line":80,"column":65},"end":{"line":80,"column":102}}},"fnMap":{"0":{"name":"(anonymous_0)","decl":{"start":{"line":8,"column":20},"end":{"line":8,"column":21}},"loc":{"start":{"line":8,"column":45},"end":{"line":13,"column":1}},"line":8},"1":{"name":"(anonymous_1)","decl":{"start":{"line":10,"column":15},"end":{"line":10,"column":16}},"loc":{"start":{"line":10,"column":21},"end":{"line":12,"column":5}},"line":10},"2":{"name":"(anonymous_2)","decl":{"start":{"line":15,"column":21},"end":{"line":15,"column":22}},"loc":{"start":{"line":15,"column":32},"end":{"line":18,"column":1}},"line":15},"3":{"name":"(anonymous_3)","decl":{"start":{"line":20,"column":18},"end":{"line":20,"column":19}},"loc":{"start":{"line":20,"column":37},"end":{"line":84,"column":1}},"line":20},"4":{"name":"(anonymous_4)","decl":{"start":{"line":30,"column":19},"end":{"line":30,"column":20}},"loc":{"start":{"line":30,"column":31},"end":{"line":55,"column":5}},"line":30},"5":{"name":"(anonymous_5)","decl":{"start":{"line":47,"column":15},"end":{"line":47,"column":16}},"loc":{"start":{"line":47,"column":27},"end":{"line":52,"column":9}},"line":47},"6":{"name":"(anonymous_6)","decl":{"start":{"line":52,"column":17},"end":{"line":52,"column":18}},"loc":{"start":{"line":52,"column":26},"end":{"line":54,"column":9}},"line":52},"7":{"name":"(anonymous_7)","decl":{"start":{"line":57,"column":31},"end":{"line":57,"column":32}},"loc":{"start":{"line":57,"column":53},"end":{"line":59,"column":5}},"line":57},"8":{"name":"(anonymous_8)","decl":{"start":{"line":61,"column":24},"end":{"line":61,"column":25}},"loc":{"start":{"line":61,"column":30},"end":{"line":69,"column":5}},"line":61},"9":{"name":"(anonymous_9)","decl":{"start":{"line":71,"column":23},"end":{"line":71,"column":24}},"loc":{"start":{"line":71,"column":29},"end":{"line":75,"column":5}},"line":71},"10":{"name":"(anonymous_10)","decl":{"start":{"line":79,"column":51},"end":{"line":79,"column":52}},"loc":{"start":{"line":79,"column":60},"end":{"line":79,"column":94}},"line":79},"11":{"name":"(anonymous_11)","decl":{"start":{"line":80,"column":54},"end":{"line":80,"column":55}},"loc":{"start":{"line":80,"column":65},"end":{"line":80,"column":102}},"line":80}},"branchMap":{"0":{"loc":{"start":{"line":49,"column":12},"end":{"line":51,"column":13}},"type":"if","locations":[{"start":{"line":49,"column":12},"end":{"line":51,"column":13}},{"start":{},"end":{}}],"line":49},"1":{"loc":{"start":{"line":64,"column":8},"end":{"line":64,"column":79}},"type":"if","locations":[{"start":{"line":64,"column":8},"end":{"line":64,"column":79}},{"start":{},"end":{}}],"line":64},"2":{"loc":{"start":{"line":66,"column":8},"e
[...]
mn":3}},"7":{"start":{"line":26,"column":4},"end":{"line":32,"column":5}},"8":{"start":{"line":27,"column":27},"end":{"line":27,"column":62}},"9":{"start":{"line":28,"column":6},"end":{"line":28,"column":34}},"10":{"start":{"line":29,"column":6},"end":{"line":29,"column":26}},"11":{"start":{"line":31,"column":6},"end":{"line":31,"column":27}},"12":{"start":{"line":35,"column":2},"end":{"line":37,"column":9}},"13":{"start":{"line":36,"column":4},"end":{"line":36,"column":22}},"14":{"start":{"line":39,"column":2},"end":{"line":45,"column":3}},"15":{"start":{"line":40,"column":4},"end":{"line":44,"column":6}},"16":{"start":{"line":47,"column":20},"end":{"line":47,"column":28}},"17":{"start":{"line":48,"column":21},"end":{"line":76,"column":3}},"18":{"start":{"line":49,"column":21},"end":{"line":75,"column":8}},"19":{"start":{"line":67,"column":8},"end":{"line":71,"column":9}},"20":{"start":{"line":68,"column":10},"end":{"line":68,"column":44}},"21":{"start":{"line":69,"column":10},"end":{"line":69,"column":43}},"22":{"start":{"line":70,"column":10},"end":{"line":70,"column":37}},"23":{"start":{"line":74,"column":8},"end":{"line":74,"column":27}},"24":{"start":{"line":78,"column":29},"end":{"line":80,"column":3}},"25":{"start":{"line":79,"column":4},"end":{"line":79,"column":53}},"26":{"start":{"line":82,"column":2},"end":{"line":103,"column":4}},"27":{"start":{"line":86,"column":33},"end":{"line":86,"column":67}},"28":{"start":{"line":94,"column":36},"end":{"line":94,"column":59}},"29":{"start":{"line":97,"column":12},"end":{"line":97,"column":74}},"30":{"start":{"line":106,"column":15},"end":{"line":119,"column":2}}},"fnMap":{"0":{"name":"(anonymous_0)","decl":{"start":{"line":13,"column":21},"end":{"line":13,"column":22}},"loc":{"start":{"line":13,"column":27},"end":{"line":104,"column":1}},"line":13},"1":{"name":"(anonymous_1)","decl":{"start":{"line":25,"column":26},"end":{"line":25,"column":27}},"loc":{"start":{"line":25,"column":38},"end":{"line":33,"column":3}},"line":25},"2":{"name":"(anonymous_2)","decl":{"start":{"line":35,"column":12},"end":{"line":35,"column":13}},"loc":{"start":{"line":35,"column":18},"end":{"line":37,"column":3}},"line":35},"3":{"name":"(anonymous_3)","decl":{"start":{"line":48,"column":21},"end":{"line":48,"column":22}},"loc":{"start":{"line":48,"column":33},"end":{"line":76,"column":3}},"line":48},"4":{"name":"(anonymous_4)","decl":{"start":{"line":66,"column":12},"end":{"line":66,"column":13}},"loc":{"start":{"line":66,"column":26},"end":{"line":72,"column":7}},"line":66},"5":{"name":"(anonymous_5)","decl":{"start":{"line":73,"column":13},"end":{"line":73,"column":14}},"loc":{"start":{"line":73,"column":24},"end":{"line":75,"column":7}},"line":73},"6":{"name":"(anonymous_6)","decl":{"start":{"line":78,"column":29},"end":{"line":78,"column":30}},"loc":{"start":{"line":78,"column":51},"end":{"line":80,"column":3}},"line":78},"7":{"name":"(anonymous_7)","decl":{"start":{"line":86,"column":22},"end":{"line":86,"column":23}},"loc":{"start":{"line":86,"column":33},"end":{"line":86,"column":67}},"line":86},"8":{"name":"(anonymous_8)","decl":{"start":{"line":94,"column":25},"end":{"line":94,"column":26}},"loc":{"start":{"line":94,"column":36},"end":{"line":94,"column":59}},"line":94},"9":{"name":"(anonymous_9)","decl":{"start":{"line":96,"column":26},"end":{"line":96,"column":27}},"loc":{"start":{"line":97,"column":12},"end":{"line":97,"column":74}},"line":97}},"branchMap":{"0":{"loc":{"start":{"line":39,"column":2},"end":{"line":45,"column":3}},"type":"if","locations":[{"start":{"line":39,"column":2},"end":{"line":45,"column":3}},{"start":{},"end":{}}],"line":39},"1":{"loc":{"start":{"line":67,"column":8},"end":{"line":71,"column":9}},"type":"if","locations":[{"start":{"line":67,"column":8},"end":{"line":71,"column":9}},{"start":{},"end":{}}],"line":67}},"s":{"0":1,"1":0,"2":0,"3":0,"4":0,"5":0,"6":0,"7":0,"8":0,"9":0,"10":0,"11":0,"12":0,"13":0,"14":0,"15":0,"16":0,"17":0,"18":0,"19":0,"20":0,"21":0,"22":0,"23":0,"24":0,"25":0,"26":0,"27":0,"28":0,"29":0,"30":1},"f":{"0":0,"1":0,"2":0,"3":0,"4":0,"5":0,"6":0,"7":0,"8":0,"9":0},"b":{"0":[0,0],"1":[0,0]},"_coverageSchema":"1a1c01bbd47fc00a2c39e90264f33305004495a9","hash":"bad06ab13135cb0b7ca54898692ceae8c2b8308a"}
,"/Users/mukuru/Desktop/works/hekaniMobileApp/src/components/forms/SignUpForm.js": {"path":"/Users/mukuru/Desktop/works/hekaniMobileApp/src/components/forms/SignUpForm.js","statementMap":{"0":{"start":{"line":8,"column":20},"end":{"line":13,"column":1}},"1":{"start":{"line":9,"column":4},"end":{"line":9,"column":24}},"2":{"start":{"line":10,"column":4},"end":{"line":12,"column":13}},"3":{"start":{"line":11,"column":8},"end":{"line":11,"column":25}},"4":{"start":{"line":15,"column":21},"end":{"line":18,"column":1}},"5":{"start":{"line":16,"column":18},"end":{"line":16,"column":65}},"6":{"start":{"line":17,"column":4},"end":{"line":17,"column":28}},"7":{"start":{"line":20,"column":19},"end":{"line":88,"column":1}},"8":{"start":{"line":21,"column":30},"end":{"line":27,"column":6}},"9":{"start":{"line":29,"column":32},"end":{"line":29,"column":44}},"10":{"start":{"line":31,"column":55},"end":{"line":31,"column":59}},"11":{"start":{"line":33,"column":19},"end":{"line":55,"column":5}},"12":{"start":{"line":34,"column":25},"end":{"line":54,"column":10}},"13":{"start":{"line":47,"column":12},"end":{"line":47,"column":39}},"14":{"start":{"line":49,"column":12},"end":{"line":51,"column":13}},"15":{"start":{"line":50,"column":16},"end":{"line":50,"column":43}},"16":{"start":{"line":53,"column":12},"end":{"line":53,"column":41}},"17":{"start":{"line":57,"column":31},"end":{"line":59,"column":5}},"18":{"start":{"line":58,"column":8},"end":{"line":58,"column":49}},"19":{"start":{"line":61,"column":24},"end":{"line":70,"column":5}},"20":{"start":{"line":63,"column":8},"end":{"line":63,"column":79}},"21":{"start":{"line":63,"column":34},"end":{"line":63,"column":79}},"22":{"start":{"line":65,"column":8},"end":{"line":65,"column":114}},"23":{"start":{"line":65,"column":53},"end":{"line":65,"column":114}},"24":{"start":{"line":67,"column":8},"end":{"line":67,"column":96}},"25":{"start":{"line":67,"column":42},"end":{"line":67,"column":96}},"26":{"start":{"line":69,"column":8},"end":{"line":69,"column":20}},"27":{"start":{"line":72,"column":23},"end":{"line":76,"column":5}},"28":{"start":{"line":73,"column":8},"end":{"line":75,"column":9}},"29":{"start":{"line":74,"column":12},"end":{"line":74,"column":21}},"30":{"start":{"line":78,"column":4},"end":{"line":87,"column":5}},"31":{"start":{"line":81,"column":60},"end":{"line":81,"column":94}},"32":{"start":{"line":82,"column":59},"end":{"line":82,"column":92}},"33":{"start":{"line":83,"column":65},"end":{"line":83,"column":102}},"34":{"start":{"line":84,"column":72},"end":{"line":84,"column":116}}},"fnMap":{"0":{"name":"(anonymous_0)","decl":{"start":{"line":8,"column":20},"end":{"line":8,"column":21}},"loc":{"start":{"line":8,"column":45},"end":{"line":13,"column":1}},"line":8},"1":{"name":"(anonymous_1)","decl":{"start":{"line":10,"column":15},"end":{"line":10,"column":16}},"loc":{"start":{"line":10,"column":21},"end":{"line":12,"column":5}},"line":10},"2":{"name":"(anonymous_2)","decl":{"start":{"line":15,"column":21},"end":{"line":15,"column":22}},"loc":{"start":{"line":15,"column":32},"end":{"line":18,"column":1}},"line":15},"3":{"name":"(anonymous_3)","decl":{"start":{"line":20,"column":19},"end":{"line":20,"column":20}},"loc":{"start":{"line":20,"column":38},"end":{"line":88,"column":1}},"line":20},"4":{"name":"(anonymous_4)","decl":{"start":{"line":33,"column":19},"end":{"line":33,"column":20}},"loc":{"start":{"line":33,"column":31},"end":{"line":55,"column":5}},"line":33},"5":{"name":"(anonymous_5)","decl":{"start":{"line":46,"column":15},"end":{"line":46,"column":16}},"loc":{"start":{"line":46,"column":27},"end":{"line":52,"column":9}},"line":46},"6":{"name":"(anonymous_6)","decl":{"start":{"line":52,"column":17},"end":{"line":52,"column":18}},"loc":{"start":{"line":52,"column":26},"end":{"line":54,"column":9}},"line":52},"7":{"name":"(anonymous_7)","decl":{"start":{"line":57,"column":31},"end":{"line":57,"column":32}},"loc":{"start":{"line":57,"column":53},"end":{"line":59,"column":5}},"line":57},"8":{"name":"(anonymous_8)","decl":{"start":{"line":61,"column":24},"end":{"line":61,"column":25}},"loc":{"start":{"line":61,"column":30},"end":{"line":70,"column":5}},"line":61},"9":{"name":"(anonymous_9)","decl":{"start":{"line":72,"column":23},"end":{"line":72,"column":24}},"loc":{"start":{"line":72,"column":29},"end":{"line":76,"column":5}},"line":72},"10":{"name":"(anonymous_10)","decl":{"start":{"line":81,"column":51},"end":{"line":81,"column":52}},"loc":{"start":{"line":81,"column":60},"end":{"line":81,"column":94}},"line":81},"11":{"name":"(anonymous_11)","decl":{"start":{"line":82,"column":50},"end":{"line":82,"column":51}},"loc":{"start":{"line":82,"column":59},"end":{"line":82,"column":92}},"line":82},"12":{"name":"(anonymous_12)","decl":{"start":{"line":83,"column":54},"end":{"line":83,"column":55}},"loc":{"start":{"line":83,"column":65},"end":{"line":83,"column":102}},"line":83},"13":{"name":"(anonymous_13)","decl":{"start":{"line":84,"column":61},"end":{"line":84,"column":62}},"loc":{"start":{"line":84,"column":72},"end":{"line":84,"column":116}},"line":84}},"branchMap":{"0":{"loc":{"start":{"line":49,"column":12},"end":{"line":51,"column":13}},"type":"if","locations":[{"start":{"line":49,"column":12},"end":{"line":51,"column":13}},{"start":{},"end":{}}],"line":49},"1":{"loc":{"start":{"line":63,"column":8},"end":{"line":63,"column":79}},"type":"if","locations":[{"start":{"line":63,"column":8},"end":{"line":63,"column":79}},{"start":{},"end":{}}],"line":63},"2":{"loc":{"start":{"line":65,"column":8},"end":{"line":65,"column":114}},"type":"if","locations":[{"start":{"line":65,"column":8},"end":{"line":65,"column":114}},{"start":{},"end":{}}],"line":65},"3":{"loc":{"start":{"line":65,"column":12},"end":{"line":65,"column":51}},"type":"binary-expr","locations":[{"start":{"line":65,"column":12},"end":{"line":65,"column":28}},{"start":{"line":65,"column":32},"end":{"line":65,"column":51}}],"line":65},"4":{"loc":{"start":{"line":67,"column":8},"end":{"line":67,"column":96}},"type":"if","locations":[{"start":{"line":67,"column":8},"end":{"line":67,"column":96}},{"start":{},"end":{}}],"line":67},"5":{"loc":{"start":{"line":73,"column":8},"end":{"line":75,"column":9}},"type":"if","locations":[{"start":{"line":73,"column":8},"end":{"line":75,"column":9}},{"start":{},"end":{}}],"line":73},"6":{"loc":{"start":{"line":80,"column":13},"end":{"line":80,"column":108}},"type":"cond-expr","locations":[{"start":{"line":80,"column":21},"end":{"line":80,"column":101}},{"start":{"line":80,"column":104},"end":{"line":80,"column":108}}],"line":80}},"s":{"0":1,"1":0,"2":0,"3":0,"4":1,"5":0,"6":0,"7":1,"8":0,"9":0,"10":0,"11":0,"12":0,"13":0,"14":0,"15":0,"16":0,"17":0,"18":0,"19":0,"20":0,"21":0,"22":0,"23":0,"24":0,"25":0,"26":0,"27":0,"28":0,"29":0,"30":0,"31":0,"32":0,"33":0,"34":0},"f":{"0":0,"1":0,"2":0,"3":0,"4":0,"5":0,"6":0,"7":0,"8":0,"9":0,"10":0,"11":0,"12":0,"13":0},"b":{"0":[0,0],"1":[0,0],"2":[0,0],"3":[0,0],"4":[0,0],"5":[0,0],"6":[0,0]},"_coverageSchema":"1a1c01bbd47fc00a2c39e90264f33305004495a9","hash":"182b19aa6a5d8c6c034b0b609cb26e967c83ff0a"}
,"/Users/mukuru/Desktop/works/hekaniMobileApp/src/components/forms/VotesForm.js": {"path":"/Users/mukuru/Desktop/works/hekaniMobileApp/src/components/forms/VotesForm.js","statementMap":{"0":{"start":{"line":6,"column":18},"end":{"line":48,"column":1}},"1":{"start":{"line":7,"column":21},"end":{"line":32,"column":3}},"2":{"start":{"line":8,"column":21},"end":{"line":31,"column":8}},"3":{"start":{"line":23,"column":8},"end":{"line":27,"column":9}},"4":{"start":{"line":24,"column":10},"end":{"line":24,"column":56}},"5":{"start":{"line":26,"column":10},"end":{"line":26,"column":54}},"6":{"start":{"line":30,"column":8},"end":{"line":30,"column":27}},"7":{"start":{"line":34,"column":2},"end":{"line":47,"column":4}},"8":{"start":{"line":50,"column":15},"end":{"line":55,"column":2}}},"fnMap":{"0":{"name":"(anonymous_0)","decl":{"start":{"line":6,"column":18},"end":{"line":6,"column":19}},"loc":{"start":{"line":6,"column":36},"end":{"line":48,"column":1}},"line":6},"1":{"name":"(anonymous_1)","decl":{"start":{"line":7,"column":21},"end":{"line":7,"column":22}},"loc":{"start":{"line":7,"column":33},"end":{"line":32,"column":3}},"line":7},"2":{"name":"(anonymous_2)","decl":{"start":{"line":22,"column":12},"end":{"line":22,"column":13}},"loc":{"start":{"line":22,"column":26},"end":{"line":28,"column":7}},"line":22},"3":{"name":"(anonymous_3)","decl":{"start":{"line":29,"column":13},"end":{"line":29,"column":14}},"loc":{"start":{"line":29,"column":24},"end":{"line":31,"column":7}},"line":29}},"branchMap":{"0":{"loc":{"start":{"line":23,"column":8},"end":{"line":27,"column":9}},"type":"if","locations":[{"start":{"line":23,"column":8},"end":{"line":27,"column":9}},{"start":{"line":25,"column":15},"end":{"line":27,"column":9}}],"line":23},"1":{"loc":{"start":{"line":36,"column":16},"end":{"line":36,"column":56}},"type":"cond-expr","locations":[{"start":{"line":36,"column":40},"end":{"line":36,"column":49}},{"start":{"line":36,"column":52},"end":{"line":36,"column":56}}],"line":36}},"s":{"0":1,"1":0,"2":0,"3":0,"4":0,"5":0,"6":0,"7":0,"8":1},"f":{"0":0,"1":0,"2":0,"3":0},"b":{"0":[0,0],"1":[0,0]},"_coverageSchema":"1a1c01bbd47fc00a2c39e90264f33305004495a9","hash":"2310c3d0a483a4fb52f71db568a35880c65f9246"}
,"/Users/mukuru/Desktop/works/hekaniMobileApp/src/components/lists/AnswersList.js": {"path":"/Users/mukuru/Desktop/works/hekaniMobileApp/src/components/lists/AnswersList.js","statementMap":{"0":{"start":{"line":7,"column":20},"end":{"line":21,"column":1}},"1":{"start":{"line":8,"column":23},"end":{"line":8,"column":38}},"2":{"start":{"line":9,"column":4},"end":{"line":20,"column":5}},"3":{"start":{"line":16,"column":34},"end":{"line":16,"column":41}},"4":{"start":{"line":17,"column":36},"end":{"line":17,"column":170}},"5":{"start":{"line":17,"column":63},"end":{"line":17,"column":100}},"6":{"start":{"line":17,"column":152},"end":{"line":17,"column":167}},"7":{"start":{"line":23,"column":15},"end":{"line":25,"column":2}}},"fnMap":{"0":{"name":"(anonymous_0)","decl":{"start":{"line":7,"column":20},"end":{"line":7,"column":21}},"loc":{"start":{"line":7,"column":39},"end":{"line":21,"column":1}},"line":7},"1":{"name":"(anonymous_1)","decl":{"start":{"line":16,"column":26},"end":{"line":16,"column":27}},"loc":{"start":{"line":16,"column":34},"end":{"line":16,"column":41}},"line":16},"2":{"name":"(anonymous_2)","decl":{"start":{"line":17,"column":24},"end":{"line":17,"column":25}},"loc":{"start":{"line":17,"column":36},"end":{"line":17,"column":170}},"line":17},"3":{"name":"(anonymous_3)","decl":{"start":{"line":17,"column":57},"end":{"line":17,"column":58}},"loc":{"start":{"line":17,"column":63},"end":{"line":17,"column":100}},"line":17},"4":{"name":"(anonymous_4)","decl":{"start":{"line":17,"column":142},"end":{"line":17,"column":143}},"loc":{"start":{"line":17,"column":152},"end":{"line":17,"column":167}},"line":17}},"branchMap":{},"s":{"0":0,"1":0,"2":0,"3":0,"4":0,"5":0,"6":0,"7":0},"f":{"0":0,"1":0,"2":0,"3":0,"4":0},"b":{}}
,"/Users/mukuru/Desktop/works/hekaniMobileApp/src/components/lists/HorizontalList.js": {"path":"/Users/mukuru/Desktop/works/hekaniMobileApp/src/components/lists/HorizontalList.js","statementMap":{"0":{"start":{"line":7,"column":23},"end":{"line":23,"column":1}},"1":{"start":{"line":8,"column":23},"end":{"line":8,"column":38}},"2":{"start":{"line":9,"column":4},"end":{"line":22,"column":5}},"3":{"start":{"line":16,"column":34},"end":{"line":16,"column":41}},"4":{"start":{"line":19,"column":36},"end":{"line":19,"column":170}},"5":{"start":{"line":19,"column":62},"end":{"line":19,"column":100}},"6":{"start":{"line":19,"column":152},"end":{"line":19,"column":167}},"7":{"start":{"line":25,"column":15},"end":{"line":27,"column":2}}},"fnMap":{"0":{"name":"(anonymous_0)","decl":{"start":{"line":7,"column":23},"end":{"line":7,"column":24}},"loc":{"start":{"line":7,"column":42},"end":{"line":23,"column":1}},"line":7},"1":{"name":"(anonymous_1)","decl":{"start":{"line":16,"column":26},"end":{"line":16,"column":27}},"loc":{"start":{"line":16,"column":34},"end":{"line":16,"column":41}},"line":16},"2":{"name":"(anonymous_2)","decl":{"start":{"line":19,"column":24},"end":{"line":19,"column":25}},"loc":{"start":{"line":19,"column":36},"end":{"line":19,"column":170}},"line":19},"3":{"name":"(anonymous_3)","decl":{"start":{"line":19,"column":56},"end":{"line":19,"column":57}},"loc":{"start":{"line":19,"column":62},"end":{"line":19,"column":100}},"line":19},"4":{"name":"(anonymous_4)","decl":{"start":{"line":19,"column":142},"end":{"line":19,"column":143}},"loc":{"start":{"line":19,"column":152},"end":{"line":19,"column":167}},"line":19}},"branchMap":{},"s":{"0":1,"1":0,"2":0,"3":0,"4":0,"5":0,"6":0,"7":1},"f":{"0":0,"1":0,"2":0,"3":0,"4":0},"b":{},"_coverageSchema":"1a1c01bbd47fc00a2c39e90264f33305004495a9","hash":"f5fe9e6b648ffb478a015c297eb9316d463b48b6"}
,"/Users/mukuru/Desktop/works/hekaniMobileApp/src/components/lists/VerticalList.js": {"path":"/Users/mukuru/Desktop/works/hekaniMobileApp/src/components/lists/VerticalList.js","statementMap":{"0":{"start":{"line":7,"column":21},"end":{"line":19,"column":1}},"1":{"start":{"line":8,"column":23},"end":{"line":8,"column":38}},"2":{"start":{"line":9,"column":4},"end":{"line":18,"column":5}},"3":{"start":{"line":15,"column":36},"end":{"line":15,"column":170}},"4":{"start":{"line":15,"column":61},"end":{"line":15,"column":99}},"5":{"start":{"line":15,"column":151},"end":{"line":15,"column":166}},"6":{"start":{"line":21,"column":15},"end":{"line":25,"column":2}}},"fnMap":{"0":{"name":"(anonymous_0)","decl":{"start":{"line":7,"column":21},"end":{"line":7,"column":22}},"loc":{"start":{"line":7,"column":40},"end":{"line":19,"column":1}},"line":7},"1":{"name":"(anonymous_1)","decl":{"start":{"line":15,"column":26},"end":{"line":15,"column":27}},"loc":{"start":{"line":15,"column":36},"end":{"line":15,"column":170}},"line":15},"2":{"name":"(anonymous_2)","decl":{"start":{"line":15,"column":55},"end":{"line":15,"column":56}},"loc":{"start":{"line":15,"column":61},"end":{"line":15,"column":99}},"line":15},"3":{"name":"(anonymous_3)","decl":{"start":{"line":15,"column":141},"end":{"line":15,"column":142}},"loc":{"start":{"line":15,"column":151},"end":{"line":15,"column":166}},"line":15}},"branchMap":{},"s":{"0":1,"1":0,"2":0,"3":0,"4":0,"5":0,"6":1},"f":{"0":0,"1":0,"2":0,"3":0},"b":{},"_coverageSchema":"1a1c01bbd47fc00a2c39e90264f33305004495a9","hash":"494f236ea7bc13940fb42d70887541afd8f755db"}
,"/Users/mukuru/Desktop/works/hekaniMobileApp/src/components/nav/Navigation.js": {"path":"/Users/mukuru/Desktop/works/hekaniMobileApp/src/components/nav/Navigation.js","statementMap":{"0":{"start":{"line":12,"column":14},"end":{"line":12,"column":42}},"1":{"start":{"line":14,"column":19},"end":{"line":40,"column":1}},"2":{"start":{"line":15,"column":21},"end":{"line":15,"column":36}},"3":{"start":{"line":17,"column":2},"end":{"line":39,"column":4}},"4":{"start":{"line":27,"column":10},"end":{"line":31,"column":12}},"5":{"start":{"line":42,"column":15},"end":{"line":54,"column":2}}},"fnMap":{"0":{"name":"(anonymous_0)","decl":{"start":{"line":14,"column":19},"end":{"line":14,"column":20}},"loc":{"start":{"line":14,"column":66},"end":{"line":40,"column":1}},"line":14},"1":{"name":"(anonymous_1)","decl":{"start":{"line":26,"column":9},"end":{"line":26,"column":10}},"loc":{"start":{"line":27,"column":10},"end":{"line":31,"column":12}},"line":27}},"branchMap":{},"s":{"0":1,"1":1,"2":0,"3":0,"4":0,"5":1},"f":{"0":0,"1":0},"b":{},"_coverageSchema":"1a1c01bbd47fc00a2c39e90264f33305004495a9","hash":"6234a7413e19f5ea15479c8039be36b622a5acdf"}
}
