TN:
SF:App.js
FN:22,App
FN:29,(anonymous_1)
FN:34,(anonymous_2)
FN:49,(anonymous_3)
FN:54,(anonymous_4)
FN:61,(anonymous_5)
FN:65,(anonymous_6)
FN:85,(anonymous_7)
FN:87,(anonymous_8)
FN:109,(anonymous_9)
FN:117,(anonymous_10)
FNF:11
FNH:1
FNDA:1,App
FNDA:0,(anonymous_1)
FNDA:0,(anonymous_2)
FNDA:0,(anonymous_3)
FNDA:0,(anonymous_4)
FNDA:0,(anonymous_5)
FNDA:0,(anonymous_6)
FNDA:0,(anonymous_7)
FNDA:0,(anonymous_8)
FNDA:0,(anonymous_9)
FNDA:0,(anonymous_10)
DA:17,1
DA:18,1
DA:20,1
DA:23,1
DA:27,1
DA:29,1
DA:30,0
DA:35,0
DA:36,0
DA:37,0
DA:41,0
DA:42,0
DA:47,0
DA:50,0
DA:54,1
DA:55,0
DA:61,1
DA:62,0
DA:65,1
DA:66,0
DA:72,1
DA:73,1
DA:80,0
DA:85,0
DA:89,0
DA:90,0
DA:91,0
DA:92,0
DA:93,0
DA:94,0
DA:95,0
DA:96,0
DA:97,0
DA:98,0
DA:100,0
DA:109,0
DA:118,0
LF:37
LH:11
BRDA:36,0,0,0
BRDA:36,0,1,0
BRDA:36,1,0,0
BRDA:36,1,1,0
BRDA:41,2,0,0
BRDA:41,2,1,0
BRDA:41,3,0,0
BRDA:41,3,1,0
BRDA:72,4,0,1
BRDA:72,4,1,0
BRDA:83,5,0,0
BRDA:83,5,1,0
BRDA:89,6,0,0
BRDA:89,6,1,0
BRDA:90,7,0,0
BRDA:90,7,1,0
BRDA:91,8,0,0
BRDA:91,8,1,0
BRDA:92,9,0,0
BRDA:92,9,1,0
BRDA:93,10,0,0
BRDA:93,10,1,0
BRDA:94,11,0,0
BRDA:94,11,1,0
BRDA:95,12,0,0
BRDA:95,12,1,0
BRDA:96,13,0,0
BRDA:96,13,1,0
BRDA:97,14,0,0
BRDA:97,14,1,0
BRDA:98,15,0,0
BRDA:98,15,1,0
BRF:32
BRH:1
end_of_record
TN:
SF:react-native.config.js
FNF:0
FNH:0
DA:1,0
LF:1
LH:0
BRF:0
BRH:0
end_of_record
TN:
SF:src/api/AnswerApi.js
FN:3,(anonymous_0)
FN:15,(anonymous_1)
FNF:2
FNH:0
FNDA:0,(anonymous_0)
FNDA:0,(anonymous_1)
DA:3,1
DA:4,0
DA:5,0
DA:7,0
DA:8,0
DA:11,0
DA:15,1
DA:16,0
DA:17,0
DA:19,0
DA:20,0
DA:23,0
DA:24,0
LF:13
LH:2
BRDA:7,0,0,0
BRDA:7,0,1,0
BRDA:19,1,0,0
BRDA:19,1,1,0
BRF:4
BRH:0
end_of_record
TN:
SF:src/api/QuestionApi.js
FN:3,(anonymous_0)
FN:16,(anonymous_1)
FNF:2
FNH:0
FNDA:0,(anonymous_0)
FNDA:0,(anonymous_1)
DA:3,1
DA:4,0
DA:5,0
DA:7,0
DA:8,0
DA:11,0
DA:12,0
DA:16,1
DA:17,0
DA:18,0
DA:20,0
DA:21,0
DA:24,0
DA:25,0
LF:14
LH:2
BRDA:7,0,0,0
BRDA:7,0,1,0
BRDA:20,1,0,0
BRDA:20,1,1,0
BRF:4
BRH:0
end_of_record
TN:
SF:src/api/UserApi.js
FN:3,(anonymous_0)
FN:16,(anonymous_1)
FNF:2
FNH:0
FNDA:0,(anonymous_0)
FNDA:0,(anonymous_1)
DA:3,1
DA:4,0
DA:5,0
DA:7,0
DA:8,0
DA:11,0
DA:12,0
DA:16,1
DA:17,0
DA:18,0
DA:20,0
DA:21,0
DA:24,0
DA:25,0
LF:14
LH:2
BRDA:7,0,0,0
BRDA:7,0,1,0
BRDA:20,1,0,0
BRDA:20,1,1,0
BRF:4
BRH:0
end_of_record
TN:
SF:src/api/articlesApi.js
FN:3,(anonymous_0)
FN:16,(anonymous_1)
FNF:2
FNH:0
FNDA:0,(anonymous_0)
FNDA:0,(anonymous_1)
DA:3,1
DA:4,0
DA:5,0
DA:7,0
DA:8,0
DA:11,0
DA:12,0
DA:16,1
DA:17,0
DA:18,0
DA:20,0
DA:21,0
DA:24,0
DA:25,0
LF:14
LH:2
BRDA:7,0,0,0
BRDA:7,0,1,0
BRDA:20,1,0,0
BRDA:20,1,1,0
BRF:4
BRH:0
end_of_record
TN:
SF:src/api/categoriesApi.js
FN:3,(anonymous_0)
FN:16,(anonymous_1)
FNF:2
FNH:0
FNDA:0,(anonymous_0)
FNDA:0,(anonymous_1)
DA:3,1
DA:4,0
DA:5,0
DA:7,0
DA:8,0
DA:11,0
DA:12,0
DA:16,1
DA:17,0
DA:18,0
DA:20,0
DA:21,0
DA:24,0
DA:25,0
LF:14
LH:2
BRDA:7,0,0,0
BRDA:7,0,1,0
BRDA:20,1,0,0
BRDA:20,1,1,0
BRF:4
BRH:0
end_of_record
TN:
SF:src/api/server.js
FNF:0
FNH:0
LF:0
LH:0
BRF:0
BRH:0
end_of_record
TN:
SF:src/components/Answer.js
FN:25,(anonymous_0)
FN:34,(anonymous_1)
FN:51,(anonymous_2)
FN:57,(anonymous_3)
FN:62,(anonymous_4)
FN:66,(anonymous_5)
FN:81,(anonymous_6)
FN:89,(anonymous_7)
FN:94,(anonymous_8)
FN:104,(anonymous_9)
FN:177,(anonymous_10)
FN:207,(anonymous_11)
FNF:12
FNH:0
FNDA:0,(anonymous_0)
FNDA:0,(anonymous_1)
FNDA:0,(anonymous_2)
FNDA:0,(anonymous_3)
FNDA:0,(anonymous_4)
FNDA:0,(anonymous_5)
FNDA:0,(anonymous_6)
FNDA:0,(anonymous_7)
FNDA:0,(anonymous_8)
FNDA:0,(anonymous_9)
FNDA:0,(anonymous_10)
FNDA:0,(anonymous_11)
DA:23,1
DA:25,1
DA:26,0
DA:27,0
DA:28,0
DA:29,0
DA:33,0
DA:34,0
DA:35,0
DA:52,0
DA:53,0
DA:54,0
DA:58,0
DA:62,0
DA:63,0
DA:66,0
DA:67,0
DA:82,0
DA:83,0
DA:84,0
DA:86,0
DA:90,0
DA:94,0
DA:95,0
DA:96,0
DA:97,0
DA:98,0
DA:100,0
DA:104,0
DA:105,0
DA:108,0
DA:110,0
DA:111,0
DA:118,0
DA:120,0
DA:178,0
DA:207,0
DA:234,1
LF:38
LH:3
BRDA:52,0,0,0
BRDA:52,0,1,0
BRDA:82,1,0,0
BRDA:82,1,1,0
BRDA:110,2,0,0
BRDA:110,2,1,0
BRDA:151,3,0,0
BRDA:151,3,1,0
BRF:8
BRH:0
end_of_record
TN:
SF:src/components/Answers.js
FN:9,(anonymous_0)
FN:15,(anonymous_1)
FN:25,(anonymous_2)
FN:40,(anonymous_3)
FN:42,(anonymous_4)
FNF:5
FNH:0
FNDA:0,(anonymous_0)
FNDA:0,(anonymous_1)
FNDA:0,(anonymous_2)
FNDA:0,(anonymous_3)
FNDA:0,(anonymous_4)
DA:9,1
DA:10,0
DA:12,0
DA:13,0
DA:15,0
DA:16,0
DA:17,0
DA:18,0
DA:19,0
DA:21,0
DA:25,0
DA:26,0
DA:29,0
DA:30,0
DA:37,0
DA:41,0
DA:42,0
DA:52,1
LF:18
LH:2
BRDA:29,0,0,0
BRDA:29,0,1,0
BRF:2
BRH:0
end_of_record
TN:
SF:src/components/Article.js
FN:25,(anonymous_0)
FN:35,(anonymous_1)
FN:52,(anonymous_2)
FN:62,(anonymous_3)
FN:67,(anonymous_4)
FN:71,(anonymous_5)
FN:86,(anonymous_6)
FN:98,(anonymous_7)
FN:103,(anonymous_8)
FN:113,(anonymous_9)
FN:132,(anonymous_10)
FN:141,(anonymous_11)
FN:154,(anonymous_12)
FN:188,(anonymous_13)
FN:207,(anonymous_14)
FNF:15
FNH:0
FNDA:0,(anonymous_0)
FNDA:0,(anonymous_1)
FNDA:0,(anonymous_2)
FNDA:0,(anonymous_3)
FNDA:0,(anonymous_4)
FNDA:0,(anonymous_5)
FNDA:0,(anonymous_6)
FNDA:0,(anonymous_7)
FNDA:0,(anonymous_8)
FNDA:0,(anonymous_9)
FNDA:0,(anonymous_10)
FNDA:0,(anonymous_11)
FNDA:0,(anonymous_12)
FNDA:0,(anonymous_13)
FNDA:0,(anonymous_14)
DA:23,1
DA:25,1
DA:26,0
DA:27,0
DA:28,0
DA:29,0
DA:30,0
DA:34,0
DA:35,0
DA:36,0
DA:53,0
DA:54,0
DA:55,0
DA:56,0
DA:59,0
DA:63,0
DA:67,0
DA:68,0
DA:71,0
DA:72,0
DA:87,0
DA:88,0
DA:89,0
DA:90,0
DA:91,0
DA:95,0
DA:99,0
DA:103,0
DA:104,0
DA:105,0
DA:106,0
DA:107,0
DA:109,0
DA:113,0
DA:114,0
DA:117,0
DA:118,0
DA:125,0
DA:133,0
DA:134,0
DA:141,0
DA:154,0
DA:189,0
DA:207,0
DA:220,1
LF:45
LH:3
BRDA:53,0,0,0
BRDA:53,0,1,0
BRDA:87,1,0,0
BRDA:87,1,1,0
BRDA:117,2,0,0
BRDA:117,2,1,0
BRF:6
BRH:0
end_of_record
TN:
SF:src/components/Articles.js
FN:5,(anonymous_0)
FNF:1
FNH:0
FNDA:0,(anonymous_0)
DA:5,1
DA:6,0
LF:2
LH:1
BRF:0
BRH:0
end_of_record
TN:
SF:src/components/Authenticate.js
FN:11,(anonymous_0)
FN:13,(anonymous_1)
FN:15,(anonymous_2)
FN:18,(anonymous_3)
FN:31,(anonymous_4)
FN:32,(anonymous_5)
FNF:6
FNH:0
FNDA:0,(anonymous_0)
FNDA:0,(anonymous_1)
FNDA:0,(anonymous_2)
FNDA:0,(anonymous_3)
FNDA:0,(anonymous_4)
FNDA:0,(anonymous_5)
DA:9,1
DA:11,1
DA:13,0
DA:14,0
DA:16,0
DA:19,0
DA:23,0
DA:25,0
DA:31,0
DA:32,0
DA:49,1
LF:11
LH:3
BRF:0
BRH:0
end_of_record
TN:
SF:src/components/Featured.js
FN:5,(anonymous_0)
FN:7,(anonymous_1)
FNF:2
FNH:0
FNDA:0,(anonymous_0)
FNDA:0,(anonymous_1)
DA:5,1
DA:6,0
DA:7,0
LF:3
LH:1
BRF:0
BRH:0
end_of_record
TN:
SF:src/components/Home.js
FN:10,(anonymous_0)
FN:14,(anonymous_1)
FN:25,(anonymous_2)
FN:29,(anonymous_3)
FN:31,(anonymous_4)
FN:34,(anonymous_5)
FNF:6
FNH:0
FNDA:0,(anonymous_0)
FNDA:0,(anonymous_1)
FNDA:0,(anonymous_2)
FNDA:0,(anonymous_3)
FNDA:0,(anonymous_4)
FNDA:0,(anonymous_5)
DA:10,1
DA:11,0
DA:12,0
DA:14,0
DA:16,0
DA:17,0
DA:18,0
DA:19,0
DA:21,0
DA:25,0
DA:26,0
DA:29,0
DA:30,0
DA:32,0
DA:35,0
DA:39,0
DA:40,0
DA:48,0
LF:18
LH:1
BRDA:39,0,0,0
BRDA:39,0,1,0
BRF:2
BRH:0
end_of_record
TN:
SF:src/components/Notifications.js
FN:5,Notifications
FN:13,(anonymous_1)
FNF:2
FNH:0
FNDA:0,Notifications
FNDA:0,(anonymous_1)
DA:7,0
DA:9,0
DA:13,0
LF:3
LH:0
BRF:0
BRH:0
end_of_record
TN:
SF:src/components/Question.js
FN:20,(anonymous_0)
FN:27,(anonymous_1)
FN:28,(anonymous_2)
FN:55,(anonymous_3)
FN:57,(anonymous_4)
FN:69,(anonymous_5)
FN:78,(anonymous_6)
FN:90,(anonymous_7)
FNF:8
FNH:0
FNDA:0,(anonymous_0)
FNDA:0,(anonymous_1)
FNDA:0,(anonymous_2)
FNDA:0,(anonymous_3)
FNDA:0,(anonymous_4)
FNDA:0,(anonymous_5)
FNDA:0,(anonymous_6)
FNDA:0,(anonymous_7)
DA:18,1
DA:20,1
DA:21,0
DA:22,0
DA:23,0
DA:24,0
DA:25,0
DA:27,0
DA:28,0
DA:29,0
DA:30,0
DA:31,0
DA:32,0
DA:34,0
DA:37,0
DA:40,0
DA:41,0
DA:48,0
DA:56,0
DA:57,0
DA:70,0
DA:71,0
DA:78,0
DA:90,0
DA:99,1
LF:25
LH:3
BRDA:40,0,0,0
BRDA:40,0,1,0
BRF:2
BRH:0
end_of_record
TN:
SF:src/components/Questions.js
FN:14,(anonymous_0)
FN:19,(anonymous_1)
FN:29,(anonymous_2)
FN:45,(anonymous_3)
FN:47,(anonymous_4)
FN:56,(anonymous_5)
FNF:6
FNH:0
FNDA:0,(anonymous_0)
FNDA:0,(anonymous_1)
FNDA:0,(anonymous_2)
FNDA:0,(anonymous_3)
FNDA:0,(anonymous_4)
FNDA:0,(anonymous_5)
DA:14,1
DA:15,0
DA:16,0
DA:17,0
DA:19,0
DA:20,0
DA:21,0
DA:22,0
DA:23,0
DA:25,0
DA:29,0
DA:30,0
DA:33,0
DA:34,0
DA:41,0
DA:46,0
DA:47,0
DA:56,0
DA:65,1
LF:19
LH:2
BRDA:33,0,0,0
BRDA:33,0,1,0
BRF:2
BRH:0
end_of_record
TN:
SF:src/components/Screen.js
FN:4,(anonymous_0)
FNF:1
FNH:0
FNDA:0,(anonymous_0)
DA:4,1
DA:5,0
DA:14,1
LF:3
LH:2
BRF:0
BRH:0
end_of_record
TN:
SF:src/components/SearchBar.js
FN:4,(anonymous_0)
FNF:1
FNH:0
FNDA:0,(anonymous_0)
DA:4,0
DA:5,0
DA:12,0
LF:3
LH:0
BRF:0
BRH:0
end_of_record
TN:
SF:src/components/Settings.js
FN:5,(anonymous_0)
FN:6,(anonymous_1)
FN:11,(anonymous_2)
FN:14,(anonymous_3)
FNF:4
FNH:0
FNDA:0,(anonymous_0)
FNDA:0,(anonymous_1)
FNDA:0,(anonymous_2)
FNDA:0,(anonymous_3)
DA:5,1
DA:6,0
DA:7,0
DA:12,0
DA:15,0
DA:19,0
DA:33,1
LF:7
LH:2
BRF:0
BRH:0
end_of_record
TN:
SF:src/components/Test.js
FN:5,(anonymous_0)
FNF:1
FNH:0
FNDA:0,(anonymous_0)
DA:5,0
DA:6,0
DA:15,0
LF:3
LH:0
BRF:0
BRH:0
end_of_record
TN:
SF:src/components/Title.js
FN:4,(anonymous_0)
FNF:1
FNH:0
FNDA:0,(anonymous_0)
DA:4,1
DA:5,0
LF:2
LH:1
BRDA:4,0,0,0
BRDA:4,1,0,0
BRF:2
BRH:0
end_of_record
TN:
SF:src/components/UserProfile.js
FN:12,(anonymous_0)
FN:18,(anonymous_1)
FN:28,(anonymous_2)
FN:79,(anonymous_3)
FN:79,(anonymous_4)
FNF:5
FNH:0
FNDA:0,(anonymous_0)
FNDA:0,(anonymous_1)
FNDA:0,(anonymous_2)
FNDA:0,(anonymous_3)
FNDA:0,(anonymous_4)
DA:10,1
DA:12,1
DA:13,0
DA:15,0
DA:16,0
DA:18,0
DA:19,0
DA:20,0
DA:21,0
DA:22,0
DA:24,0
DA:28,0
DA:29,0
DA:32,0
DA:33,0
DA:40,0
DA:79,0
DA:88,1
LF:18
LH:3
BRDA:32,0,0,0
BRDA:32,0,1,0
BRF:2
BRH:0
end_of_record
TN:
SF:src/components/cards/AnswerCard.js
FN:18,(anonymous_0)
FN:23,(anonymous_1)
FN:40,(anonymous_2)
FN:47,(anonymous_3)
FN:52,(anonymous_4)
FN:66,(anonymous_5)
FN:73,(anonymous_6)
FN:78,(anonymous_7)
FN:89,(anonymous_8)
FN:96,(anonymous_9)
FN:101,(anonymous_10)
FNF:11
FNH:0
FNDA:0,(anonymous_0)
FNDA:0,(anonymous_1)
FNDA:0,(anonymous_2)
FNDA:0,(anonymous_3)
FNDA:0,(anonymous_4)
FNDA:0,(anonymous_5)
FNDA:0,(anonymous_6)
FNDA:0,(anonymous_7)
FNDA:0,(anonymous_8)
FNDA:0,(anonymous_9)
FNDA:0,(anonymous_10)
DA:18,1
DA:20,0
DA:21,0
DA:23,0
DA:24,0
DA:41,0
DA:42,0
DA:44,0
DA:48,0
DA:52,0
DA:53,0
DA:67,0
DA:68,0
DA:70,0
DA:74,0
DA:78,0
DA:79,0
DA:90,0
DA:91,0
DA:93,0
DA:97,0
DA:101,0
DA:102,0
DA:105,0
DA:189,1
LF:25
LH:2
BRDA:41,0,0,0
BRDA:41,0,1,0
BRDA:67,1,0,0
BRDA:67,1,1,0
BRDA:90,2,0,0
BRDA:90,2,1,0
BRDA:120,3,0,0
BRDA:120,3,1,0
BRDA:123,4,0,0
BRDA:123,4,1,0
BRDA:137,5,0,0
BRDA:137,5,1,0
BRF:12
BRH:0
end_of_record
TN:
SF:src/components/cards/Card.js
FN:5,(anonymous_0)
FNF:1
FNH:0
FNDA:0,(anonymous_0)
DA:5,1
DA:6,0
DA:7,0
DA:27,1
LF:4
LH:2
BRF:0
BRH:0
end_of_record
TN:
SF:src/components/cards/FlatCard.js
FN:7,(anonymous_0)
FNF:1
FNH:0
FNDA:0,(anonymous_0)
DA:7,1
DA:8,0
DA:9,0
DA:35,1
LF:4
LH:2
BRF:0
BRH:0
end_of_record
TN:
SF:src/components/cards/OuestionCard.js
FN:7,(anonymous_0)
FNF:1
FNH:0
FNDA:0,(anonymous_0)
DA:7,1
DA:8,0
DA:9,0
DA:40,1
LF:4
LH:2
BRF:0
BRH:0
end_of_record
TN:
SF:src/components/cards/SmallCard.js
FN:7,(anonymous_0)
FNF:1
FNH:0
FNDA:0,(anonymous_0)
DA:5,1
DA:7,1
DA:8,0
DA:18,1
LF:4
LH:3
BRF:0
BRH:0
end_of_record
TN:
SF:src/components/extras/ActivityIndicator.js
FN:5,(anonymous_0)
FNF:1
FNH:1
FNDA:1,(anonymous_0)
DA:5,1
DA:6,1
LF:2
LH:2
BRF:0
BRH:0
end_of_record
TN:
SF:src/components/forms/AnswerForm.js
FN:9,(anonymous_0)
FN:17,(anonymous_1)
FN:31,(anonymous_2)
FN:36,(anonymous_3)
FN:41,(anonymous_4)
FN:47,(anonymous_5)
FNF:6
FNH:0
FNDA:0,(anonymous_0)
FNDA:0,(anonymous_1)
FNDA:0,(anonymous_2)
FNDA:0,(anonymous_3)
FNDA:0,(anonymous_4)
FNDA:0,(anonymous_5)
DA:9,1
DA:11,0
DA:12,0
DA:16,0
DA:17,0
DA:18,0
DA:33,0
DA:34,0
DA:37,0
DA:41,0
DA:42,0
DA:45,0
DA:47,0
DA:66,1
LF:14
LH:2
BRDA:33,0,0,0
BRDA:33,0,1,0
BRDA:77,1,0,1
BRDA:77,1,1,1
BRF:4
BRH:2
end_of_record
TN:
SF:src/components/forms/FormButton.js
FN:4,(anonymous_0)
FNF:1
FNH:0
FNDA:0,(anonymous_0)
DA:4,1
DA:5,0
DA:14,1
LF:3
LH:2
BRF:0
BRH:0
end_of_record
TN:
SF:src/components/forms/FormContainer.js
FN:4,(anonymous_0)
FNF:1
FNH:0
FNDA:0,(anonymous_0)
DA:4,1
DA:5,0
DA:16,1
LF:3
LH:2
BRDA:8,0,0,0
BRDA:8,0,1,0
BRF:2
BRH:0
end_of_record
TN:
SF:src/components/forms/FormHeader.js
FN:4,(anonymous_0)
FNF:1
FNH:0
FNDA:0,(anonymous_0)
DA:4,1
DA:5,0
DA:16,1
LF:3
LH:2
BRF:0
BRH:0
end_of_record
TN:
SF:src/components/forms/FormInput.js
FN:4,(anonymous_0)
FNF:1
FNH:0
FNDA:0,(anonymous_0)
DA:4,1
DA:5,0
DA:6,0
DA:14,1
LF:4
LH:2
BRF:0
BRH:0
end_of_record
TN:
SF:src/components/forms/FormSelect.js
FN:4,(anonymous_0)
FNF:1
FNH:0
FNDA:0,(anonymous_0)
DA:4,1
DA:5,0
DA:14,1
LF:3
LH:2
BRF:0
BRH:0
end_of_record
TN:
SF:src/components/forms/LoginForm.js
FN:8,(anonymous_0)
FN:10,(anonymous_1)
FN:15,(anonymous_2)
FN:20,(anonymous_3)
FN:30,(anonymous_4)
FN:47,(anonymous_5)
FN:52,(anonymous_6)
FN:57,(anonymous_7)
FN:61,(anonymous_8)
FN:71,(anonymous_9)
FN:79,(anonymous_10)
FN:80,(anonymous_11)
FNF:12
FNH:0
FNDA:0,(anonymous_0)
FNDA:0,(anonymous_1)
FNDA:0,(anonymous_2)
FNDA:0,(anonymous_3)
FNDA:0,(anonymous_4)
FNDA:0,(anonymous_5)
FNDA:0,(anonymous_6)
FNDA:0,(anonymous_7)
FNDA:0,(anonymous_8)
FNDA:0,(anonymous_9)
FNDA:0,(anonymous_10)
FNDA:0,(anonymous_11)
DA:8,1
DA:9,0
DA:10,0
DA:11,0
DA:15,1
DA:16,0
DA:17,0
DA:20,1
DA:21,0
DA:27,0
DA:29,0
DA:30,0
DA:31,0
DA:49,0
DA:50,0
DA:53,0
DA:57,0
DA:58,0
DA:61,0
DA:64,0
DA:66,0
DA:68,0
DA:71,0
DA:72,0
DA:73,0
DA:76,0
DA:79,0
DA:80,0
LF:28
LH:3
BRDA:49,0,0,0
BRDA:49,0,1,0
BRDA:64,1,0,0
BRDA:64,1,1,0
BRDA:66,2,0,0
BRDA:66,2,1,0
BRDA:66,3,0,0
BRDA:66,3,1,0
BRDA:72,4,0,0
BRDA:72,4,1,0
BRDA:78,5,0,0
BRDA:78,5,1,0
BRF:12
BRH:0
end_of_record
TN:
SF:src/components/forms/QuestionForm.js
FN:13,(anonymous_0)
FN:25,(anonymous_1)
FN:35,(anonymous_2)
FN:48,(anonymous_3)
FN:66,(anonymous_4)
FN:73,(anonymous_5)
FN:78,(anonymous_6)
FN:86,(anonymous_7)
FN:94,(anonymous_8)
FN:96,(anonymous_9)
FNF:10
FNH:0
FNDA:0,(anonymous_0)
FNDA:0,(anonymous_1)
FNDA:0,(anonymous_2)
FNDA:0,(anonymous_3)
FNDA:0,(anonymous_4)
FNDA:0,(anonymous_5)
FNDA:0,(anonymous_6)
FNDA:0,(anonymous_7)
FNDA:0,(anonymous_8)
FNDA:0,(anonymous_9)
DA:13,1
DA:14,0
DA:16,0
DA:20,0
DA:22,0
DA:23,0
DA:25,0
DA:26,0
DA:27,0
DA:28,0
DA:29,0
DA:31,0
DA:35,0
DA:36,0
DA:39,0
DA:40,0
DA:47,0
DA:48,0
DA:49,0
DA:67,0
DA:68,0
DA:69,0
DA:70,0
DA:74,0
DA:78,0
DA:79,0
DA:82,0
DA:86,0
DA:94,0
DA:97,0
DA:106,1
LF:31
LH:2
BRDA:39,0,0,0
BRDA:39,0,1,0
BRDA:67,1,0,0
BRDA:67,1,1,0
BRF:4
BRH:0
end_of_record
TN:
SF:src/components/forms/SignUpForm.js
FN:8,(anonymous_0)
FN:10,(anonymous_1)
FN:15,(anonymous_2)
FN:20,(anonymous_3)
FN:33,(anonymous_4)
FN:46,(anonymous_5)
FN:52,(anonymous_6)
FN:57,(anonymous_7)
FN:61,(anonymous_8)
FN:72,(anonymous_9)
FN:81,(anonymous_10)
FN:82,(anonymous_11)
FN:83,(anonymous_12)
FN:84,(anonymous_13)
FNF:14
FNH:0
FNDA:0,(anonymous_0)
FNDA:0,(anonymous_1)
FNDA:0,(anonymous_2)
FNDA:0,(anonymous_3)
FNDA:0,(anonymous_4)
FNDA:0,(anonymous_5)
FNDA:0,(anonymous_6)
FNDA:0,(anonymous_7)
FNDA:0,(anonymous_8)
FNDA:0,(anonymous_9)
FNDA:0,(anonymous_10)
FNDA:0,(anonymous_11)
FNDA:0,(anonymous_12)
FNDA:0,(anonymous_13)
DA:8,1
DA:9,0
DA:10,0
DA:11,0
DA:15,1
DA:16,0
DA:17,0
DA:20,1
DA:21,0
DA:29,0
DA:31,0
DA:33,0
DA:34,0
DA:47,0
DA:49,0
DA:50,0
DA:53,0
DA:57,0
DA:58,0
DA:61,0
DA:63,0
DA:65,0
DA:67,0
DA:69,0
DA:72,0
DA:73,0
DA:74,0
DA:78,0
DA:81,0
DA:82,0
DA:83,0
DA:84,0
LF:32
LH:3
BRDA:49,0,0,0
BRDA:49,0,1,0
BRDA:63,1,0,0
BRDA:63,1,1,0
BRDA:65,2,0,0
BRDA:65,2,1,0
BRDA:65,3,0,0
BRDA:65,3,1,0
BRDA:67,4,0,0
BRDA:67,4,1,0
BRDA:73,5,0,0
BRDA:73,5,1,0
BRDA:80,6,0,0
BRDA:80,6,1,0
BRF:14
BRH:0
end_of_record
TN:
SF:src/components/forms/VotesForm.js
FN:6,(anonymous_0)
FN:7,(anonymous_1)
FN:22,(anonymous_2)
FN:29,(anonymous_3)
FNF:4
FNH:0
FNDA:0,(anonymous_0)
FNDA:0,(anonymous_1)
FNDA:0,(anonymous_2)
FNDA:0,(anonymous_3)
DA:6,1
DA:7,0
DA:8,0
DA:23,0
DA:24,0
DA:26,0
DA:30,0
DA:34,0
DA:50,1
LF:9
LH:2
BRDA:23,0,0,0
BRDA:23,0,1,0
BRDA:36,1,0,0
BRDA:36,1,1,0
BRF:4
BRH:0
end_of_record
TN:
SF:src/components/lists/AnswersList.js
FN:7,(anonymous_0)
FN:16,(anonymous_1)
FN:17,(anonymous_2)
FN:17,(anonymous_3)
FN:17,(anonymous_4)
FNF:5
FNH:0
FNDA:0,(anonymous_0)
FNDA:0,(anonymous_1)
FNDA:0,(anonymous_2)
FNDA:0,(anonymous_3)
FNDA:0,(anonymous_4)
DA:7,0
DA:8,0
DA:9,0
DA:16,0
DA:17,0
DA:23,0
LF:6
LH:0
BRF:0
BRH:0
end_of_record
TN:
SF:src/components/lists/HorizontalList.js
FN:7,(anonymous_0)
FN:16,(anonymous_1)
FN:19,(anonymous_2)
FN:19,(anonymous_3)
FN:19,(anonymous_4)
FNF:5
FNH:0
FNDA:0,(anonymous_0)
FNDA:0,(anonymous_1)
FNDA:0,(anonymous_2)
FNDA:0,(anonymous_3)
FNDA:0,(anonymous_4)
DA:7,1
DA:8,0
DA:9,0
DA:16,0
DA:19,0
DA:25,1
LF:6
LH:2
BRF:0
BRH:0
end_of_record
TN:
SF:src/components/lists/VerticalList.js
FN:7,(anonymous_0)
FN:15,(anonymous_1)
FN:15,(anonymous_2)
FN:15,(anonymous_3)
FNF:4
FNH:0
FNDA:0,(anonymous_0)
FNDA:0,(anonymous_1)
FNDA:0,(anonymous_2)
FNDA:0,(anonymous_3)
DA:7,1
DA:8,0
DA:9,0
DA:15,0
DA:21,1
LF:5
LH:2
BRF:0
BRH:0
end_of_record
TN:
SF:src/components/nav/Navigation.js
FN:14,(anonymous_0)
FN:26,(anonymous_1)
FNF:2
FNH:0
FNDA:0,(anonymous_0)
FNDA:0,(anonymous_1)
DA:12,1
DA:14,1
DA:15,0
DA:17,0
DA:27,0
DA:42,1
LF:6
LH:3
BRF:0
BRH:0
end_of_record
